2015-7-27 9:48:54 org.apache.catalina.core.AprLifecycleListener init
信息: The APR based Apache Tomcat Native library which allows optimal performance in production environments was not found on the java.library.path: D:\developsoftware\jdk\jdk6u30\bin;C:\Windows\Sun\Java\bin;C:\Windows\system32;C:\Windows;D:\developsoftware\jdk\jdk6u30\bin;D:\developsoftware\jdk\jdk6u30\jre\bin;C:\Windows\system32;C:\Windows;C:\Windows\System32\Wbem;C:\Windows\System32\WindowsPowerShell\v1.0\;C:\Program Files (x86)\Verint\Playback\;D:\developsoftware\maven\apache-maven-3.0.4\bin;D:\developsoftware\versionControlSystem\tortoiseSVN1.8\bin;D:\developsoftware\sublime\plugins\ctags58;D:\developsoftware\apache-ant-1.8.4\bin;D:\datest\software\mysql5.5\bin;D:\developsoftware\versionControlSystem\TortoiseGit-1.8.14\bin;.
2015-7-27 9:48:55 org.apache.coyote.AbstractProtocol init
信息: Initializing ProtocolHandler ["http-bio-8888"]
2015-7-27 9:48:55 org.apache.catalina.startup.Catalina load
信息: Initialization processed in 1081 ms
2015-7-27 9:48:55 org.apache.catalina.core.StandardService startInternal
信息: Starting service Catalina
2015-7-27 9:48:55 org.apache.catalina.core.StandardEngine startInternal
信息: Starting Servlet Engine: Apache Tomcat/7.0.29
2015-7-27 9:51:38 org.apache.coyote.AbstractProtocol start
信息: Starting ProtocolHandler ["http-bio-8888"]
2015-7-27 9:51:38 org.apache.catalina.startup.Catalina start
信息: Server startup in 163120 ms
2015-7-27 9:51:38 org.apache.catalina.core.StandardServer await
严重: StandardServer.await: create[localhost:8005]: 
java.net.BindException: Address already in use: JVM_Bind
	at java.net.PlainSocketImpl.socketBind(Native Method)
	at java.net.PlainSocketImpl.bind(PlainSocketImpl.java:383)
	at java.net.ServerSocket.bind(ServerSocket.java:328)
	at java.net.ServerSocket.<init>(ServerSocket.java:194)
	at org.apache.catalina.core.StandardServer.await(StandardServer.java:427)
	at org.apache.catalina.startup.Catalina.await(Catalina.java:757)
	at org.apache.catalina.startup.Catalina.start(Catalina.java:703)
	at sun.reflect.NativeMethodAccessorImpl.invoke0(Native Method)
	at sun.reflect.NativeMethodAccessorImpl.invoke(NativeMethodAccessorImpl.java:39)
	at sun.reflect.DelegatingMethodAccessorImpl.invoke(DelegatingMethodAccessorImpl.java:25)
	at java.lang.reflect.Method.invoke(Method.java:597)
	at org.apache.catalina.startup.Bootstrap.start(Bootstrap.java:322)
	at org.apache.catalina.startup.Bootstrap.main(Bootstrap.java:451)
2015-7-27 9:51:38 org.apache.coyote.AbstractProtocol pause
信息: Pausing ProtocolHandler ["http-bio-8888"]
2015-7-27 9:51:38 org.apache.catalina.core.StandardService stopInternal
信息: Stopping service Catalina
2015-7-27 9:51:56 org.apache.coyote.AbstractProtocol stop
信息: Stopping ProtocolHandler ["http-bio-8888"]
2015-7-27 9:51:56 org.apache.coyote.AbstractProtocol destroy
信息: Destroying ProtocolHandler ["http-bio-8888"]
2015-7-27 9:56:11 org.apache.catalina.core.AprLifecycleListener init
信息: The APR based Apache Tomcat Native library which allows optimal performance in production environments was not found on the java.library.path: D:\developsoftware\jdk\jdk6u30\bin;C:\Windows\Sun\Java\bin;C:\Windows\system32;C:\Windows;D:\developsoftware\jdk\jdk6u30\bin;D:\developsoftware\jdk\jdk6u30\jre\bin;C:\Windows\system32;C:\Windows;C:\Windows\System32\Wbem;C:\Windows\System32\WindowsPowerShell\v1.0\;C:\Program Files (x86)\Verint\Playback\;D:\developsoftware\maven\apache-maven-3.0.4\bin;D:\developsoftware\versionControlSystem\tortoiseSVN1.8\bin;D:\developsoftware\sublime\plugins\ctags58;D:\developsoftware\apache-ant-1.8.4\bin;D:\datest\software\mysql5.5\bin;D:\developsoftware\versionControlSystem\TortoiseGit-1.8.14\bin;.
2015-7-27 9:56:11 org.apache.coyote.AbstractProtocol init
信息: Initializing ProtocolHandler ["http-bio-8888"]
2015-7-27 9:56:11 org.apache.catalina.startup.Catalina load
信息: Initialization processed in 726 ms
2015-7-27 9:56:11 org.apache.catalina.core.StandardService startInternal
信息: Starting service Catalina
2015-7-27 9:56:11 org.apache.catalina.core.StandardEngine startInternal
信息: Starting Servlet Engine: Apache Tomcat/7.0.29
2015-7-27 9:57:48 org.apache.coyote.AbstractProtocol start
信息: Starting ProtocolHandler ["http-bio-8888"]
2015-7-27 9:57:48 org.apache.catalina.startup.Catalina start
信息: Server startup in 96458 ms
2015-7-27 9:57:48 org.apache.catalina.core.StandardServer await
严重: StandardServer.await: create[localhost:8005]: 
java.net.BindException: Address already in use: JVM_Bind
	at java.net.PlainSocketImpl.socketBind(Native Method)
	at java.net.PlainSocketImpl.bind(PlainSocketImpl.java:383)
	at java.net.ServerSocket.bind(ServerSocket.java:328)
	at java.net.ServerSocket.<init>(ServerSocket.java:194)
	at org.apache.catalina.core.StandardServer.await(StandardServer.java:427)
	at org.apache.catalina.startup.Catalina.await(Catalina.java:757)
	at org.apache.catalina.startup.Catalina.start(Catalina.java:703)
	at sun.reflect.NativeMethodAccessorImpl.invoke0(Native Method)
	at sun.reflect.NativeMethodAccessorImpl.invoke(NativeMethodAccessorImpl.java:39)
	at sun.reflect.DelegatingMethodAccessorImpl.invoke(DelegatingMethodAccessorImpl.java:25)
	at java.lang.reflect.Method.invoke(Method.java:597)
	at org.apache.catalina.startup.Bootstrap.start(Bootstrap.java:322)
	at org.apache.catalina.startup.Bootstrap.main(Bootstrap.java:451)
2015-7-27 9:57:48 org.apache.coyote.AbstractProtocol pause
信息: Pausing ProtocolHandler ["http-bio-8888"]
2015-7-27 9:57:48 org.apache.catalina.core.StandardService stopInternal
信息: Stopping service Catalina
2015-7-27 9:58:04 org.apache.coyote.AbstractProtocol stop
信息: Stopping ProtocolHandler ["http-bio-8888"]
2015-7-27 9:58:05 org.apache.coyote.AbstractProtocol destroy
信息: Destroying ProtocolHandler ["http-bio-8888"]
2015-7-27 10:00:05 org.apache.catalina.core.AprLifecycleListener init
信息: The APR based Apache Tomcat Native library which allows optimal performance in production environments was not found on the java.library.path: D:\developsoftware\jdk\jdk6u30\bin;C:\Windows\Sun\Java\bin;C:\Windows\system32;C:\Windows;D:\developsoftware\jdk\jdk6u30\bin;D:\developsoftware\jdk\jdk6u30\jre\bin;C:\Windows\system32;C:\Windows;C:\Windows\System32\Wbem;C:\Windows\System32\WindowsPowerShell\v1.0\;C:\Program Files (x86)\Verint\Playback\;D:\developsoftware\maven\apache-maven-3.0.4\bin;D:\developsoftware\versionControlSystem\tortoiseSVN1.8\bin;D:\developsoftware\sublime\plugins\ctags58;D:\developsoftware\apache-ant-1.8.4\bin;D:\datest\software\mysql5.5\bin;D:\developsoftware\versionControlSystem\TortoiseGit-1.8.14\bin;.
2015-7-27 10:00:05 org.apache.coyote.AbstractProtocol init
信息: Initializing ProtocolHandler ["http-bio-8888"]
2015-7-27 10:00:05 org.apache.catalina.startup.Catalina load
信息: Initialization processed in 423 ms
2015-7-27 10:00:05 org.apache.catalina.core.StandardService startInternal
信息: Starting service Catalina
2015-7-27 10:00:05 org.apache.catalina.core.StandardEngine startInternal
信息: Starting Servlet Engine: Apache Tomcat/7.0.29
2015-7-27 10:01:24 org.apache.coyote.AbstractProtocol start
信息: Starting ProtocolHandler ["http-bio-8888"]
2015-7-27 10:01:24 org.apache.catalina.startup.Catalina start
信息: Server startup in 78330 ms
2015-7-27 10:12:51 org.apache.jasper.compiler.TldLocationsCache tldScanJar
信息: At least one JAR was scanned for TLDs yet contained no TLDs. Enable debug logging for this logger for a complete list of JARs that were scanned but no TLDs were found in them. Skipping unneeded JARs during scanning can improve startup time and JSP compilation time.
2015-7-27 13:41:22 org.apache.coyote.AbstractProtocol pause
信息: Pausing ProtocolHandler ["http-bio-8888"]
2015-7-27 13:41:22 org.apache.catalina.core.StandardService stopInternal
信息: Stopping service Catalina
2015-7-27 13:44:29 org.apache.catalina.core.AprLifecycleListener init
信息: The APR based Apache Tomcat Native library which allows optimal performance in production environments was not found on the java.library.path: D:\developsoftware\jdk\jdk6u30\bin;C:\Windows\Sun\Java\bin;C:\Windows\system32;C:\Windows;D:\developsoftware\jdk\jdk6u30\bin;D:\developsoftware\jdk\jdk6u30\jre\bin;C:\Windows\system32;C:\Windows;C:\Windows\System32\Wbem;C:\Windows\System32\WindowsPowerShell\v1.0\;C:\Program Files (x86)\Verint\Playback\;D:\developsoftware\maven\apache-maven-3.0.4\bin;D:\developsoftware\versionControlSystem\tortoiseSVN1.8\bin;D:\developsoftware\sublime\plugins\ctags58;D:\developsoftware\apache-ant-1.8.4\bin;D:\datest\software\mysql5.5\bin;D:\developsoftware\versionControlSystem\TortoiseGit-1.8.14\bin;.
2015-7-27 13:44:29 org.apache.coyote.AbstractProtocol init
信息: Initializing ProtocolHandler ["http-bio-8888"]
2015-7-27 13:44:30 org.apache.catalina.startup.Catalina load
信息: Initialization processed in 1182 ms
2015-7-27 13:44:30 org.apache.catalina.core.StandardService startInternal
信息: Starting service Catalina
2015-7-27 13:44:30 org.apache.catalina.core.StandardEngine startInternal
信息: Starting Servlet Engine: Apache Tomcat/7.0.29
2015-7-27 13:46:31 org.apache.coyote.AbstractProtocol start
信息: Starting ProtocolHandler ["http-bio-8888"]
2015-7-27 13:46:31 org.apache.catalina.startup.Catalina start
信息: Server startup in 121774 ms
2015-7-27 14:06:00 org.apache.catalina.core.StandardServer await
信息: A valid shutdown command was received via the shutdown port. Stopping the Server instance.
2015-7-27 14:06:00 org.apache.coyote.AbstractProtocol pause
信息: Pausing ProtocolHandler ["http-bio-8888"]
2015-7-27 14:06:00 org.apache.catalina.core.StandardService stopInternal
信息: Stopping service Catalina
2015-7-27 14:06:14 org.apache.coyote.AbstractProtocol stop
信息: Stopping ProtocolHandler ["http-bio-8888"]
2015-7-27 14:06:14 org.apache.coyote.AbstractProtocol destroy
信息: Destroying ProtocolHandler ["http-bio-8888"]
2015-7-27 16:51:56 org.apache.catalina.core.AprLifecycleListener init
信息: The APR based Apache Tomcat Native library which allows optimal performance in production environments was not found on the java.library.path: D:\developsoftware\jdk\jdk6u30\bin;C:\Windows\Sun\Java\bin;C:\Windows\system32;C:\Windows;D:\developsoftware\jdk\jdk6u30\bin;D:\developsoftware\jdk\jdk6u30\jre\bin;C:\Windows\system32;C:\Windows;C:\Windows\System32\Wbem;C:\Windows\System32\WindowsPowerShell\v1.0\;C:\Program Files (x86)\Verint\Playback\;D:\developsoftware\maven\apache-maven-3.0.4\bin;D:\developsoftware\versionControlSystem\tortoiseSVN1.8\bin;D:\developsoftware\sublime\plugins\ctags58;D:\developsoftware\apache-ant-1.8.4\bin;D:\datest\software\mysql5.5\bin;D:\developsoftware\versionControlSystem\TortoiseGit-1.8.14\bin;.
2015-7-27 16:51:56 org.apache.coyote.AbstractProtocol init
信息: Initializing ProtocolHandler ["http-bio-8888"]
2015-7-27 16:51:56 org.apache.catalina.startup.Catalina load
信息: Initialization processed in 704 ms
2015-7-27 16:51:56 org.apache.catalina.core.StandardService startInternal
信息: Starting service Catalina
2015-7-27 16:51:56 org.apache.catalina.core.StandardEngine startInternal
信息: Starting Servlet Engine: Apache Tomcat/7.0.29
2015-7-27 16:54:15 org.apache.coyote.AbstractProtocol start
信息: Starting ProtocolHandler ["http-bio-8888"]
2015-7-27 16:54:15 org.apache.catalina.startup.Catalina start
信息: Server startup in 138860 ms
2015-7-27 17:56:26 org.apache.jasper.compiler.TldLocationsCache tldScanJar
信息: At least one JAR was scanned for TLDs yet contained no TLDs. Enable debug logging for this logger for a complete list of JARs that were scanned but no TLDs were found in them. Skipping unneeded JARs during scanning can improve startup time and JSP compilation time.
