2015-7-31 9:40:48 org.apache.catalina.core.AprLifecycleListener init
信息: The APR based Apache Tomcat Native library which allows optimal performance in production environments was not found on the java.library.path: D:\developsoftware\jdk\jdk6u30\bin;C:\Windows\Sun\Java\bin;C:\Windows\system32;C:\Windows;D:\developsoftware\jdk\jdk6u30\bin;D:\developsoftware\jdk\jdk6u30\jre\bin;C:\Windows\system32;C:\Windows;C:\Windows\System32\Wbem;C:\Windows\System32\WindowsPowerShell\v1.0\;C:\Program Files (x86)\Verint\Playback\;D:\developsoftware\maven\apache-maven-3.0.4\bin;D:\developsoftware\versionControlSystem\tortoiseSVN1.8\bin;D:\developsoftware\sublime\plugins\ctags58;D:\developsoftware\apache-ant-1.8.4\bin;D:\datest\software\mysql5.5\bin;D:\developsoftware\versionControlSystem\TortoiseGit-1.8.14\bin;.
2015-7-31 9:40:49 org.apache.coyote.AbstractProtocol init
信息: Initializing ProtocolHandler ["http-bio-8888"]
2015-7-31 9:40:49 org.apache.catalina.startup.Catalina load
信息: Initialization processed in 615 ms
2015-7-31 9:40:49 org.apache.catalina.core.StandardService startInternal
信息: Starting service Catalina
2015-7-31 9:40:49 org.apache.catalina.core.StandardEngine startInternal
信息: Starting Servlet Engine: Apache Tomcat/7.0.29
2015-7-31 9:42:35 org.apache.coyote.AbstractProtocol start
信息: Starting ProtocolHandler ["http-bio-8888"]
2015-7-31 9:42:35 org.apache.catalina.startup.Catalina start
信息: Server startup in 106510 ms
2015-7-31 11:19:23 org.apache.catalina.core.AprLifecycleListener init
信息: The APR based Apache Tomcat Native library which allows optimal performance in production environments was not found on the java.library.path: D:\developsoftware\jdk\jdk6u30\bin;C:\Windows\Sun\Java\bin;C:\Windows\system32;C:\Windows;D:\developsoftware\jdk\jdk6u30\bin;D:\developsoftware\jdk\jdk6u30\jre\bin;C:\Windows\system32;C:\Windows;C:\Windows\System32\Wbem;C:\Windows\System32\WindowsPowerShell\v1.0\;C:\Program Files (x86)\Verint\Playback\;D:\developsoftware\maven\apache-maven-3.0.4\bin;D:\developsoftware\versionControlSystem\tortoiseSVN1.8\bin;D:\developsoftware\sublime\plugins\ctags58;D:\developsoftware\apache-ant-1.8.4\bin;D:\datest\software\mysql5.5\bin;D:\developsoftware\versionControlSystem\TortoiseGit-1.8.14\bin;.
2015-7-31 11:19:23 org.apache.coyote.AbstractProtocol init
信息: Initializing ProtocolHandler ["http-bio-8888"]
2015-7-31 11:19:23 org.apache.catalina.startup.Catalina load
信息: Initialization processed in 367 ms
2015-7-31 11:19:23 org.apache.catalina.core.StandardService startInternal
信息: Starting service Catalina
2015-7-31 11:19:23 org.apache.catalina.core.StandardEngine startInternal
信息: Starting Servlet Engine: Apache Tomcat/7.0.29
2015-7-31 11:21:13 org.apache.coyote.AbstractProtocol start
信息: Starting ProtocolHandler ["http-bio-8888"]
2015-7-31 11:21:13 org.apache.catalina.startup.Catalina start
信息: Server startup in 109594 ms
2015-7-31 11:25:02 org.apache.jasper.compiler.TldLocationsCache tldScanJar
信息: At least one JAR was scanned for TLDs yet contained no TLDs. Enable debug logging for this logger for a complete list of JARs that were scanned but no TLDs were found in them. Skipping unneeded JARs during scanning can improve startup time and JSP compilation time.
2015-7-31 13:24:13 org.apache.coyote.AbstractProtocol pause
信息: Pausing ProtocolHandler ["http-bio-8888"]
2015-7-31 13:25:01 org.apache.catalina.core.AprLifecycleListener init
信息: The APR based Apache Tomcat Native library which allows optimal performance in production environments was not found on the java.library.path: D:\developsoftware\jdk\jdk6u30\bin;C:\Windows\Sun\Java\bin;C:\Windows\system32;C:\Windows;D:\developsoftware\jdk\jdk6u30\bin;D:\developsoftware\jdk\jdk6u30\jre\bin;C:\Windows\system32;C:\Windows;C:\Windows\System32\Wbem;C:\Windows\System32\WindowsPowerShell\v1.0\;C:\Program Files (x86)\Verint\Playback\;D:\developsoftware\maven\apache-maven-3.0.4\bin;D:\developsoftware\versionControlSystem\tortoiseSVN1.8\bin;D:\developsoftware\sublime\plugins\ctags58;D:\developsoftware\apache-ant-1.8.4\bin;D:\datest\software\mysql5.5\bin;D:\developsoftware\versionControlSystem\TortoiseGit-1.8.14\bin;.
2015-7-31 13:25:02 org.apache.coyote.AbstractProtocol init
信息: Initializing ProtocolHandler ["http-bio-8888"]
2015-7-31 13:25:02 org.apache.catalina.startup.Catalina load
信息: Initialization processed in 2531 ms
2015-7-31 13:25:02 org.apache.catalina.core.StandardService startInternal
信息: Starting service Catalina
2015-7-31 13:25:02 org.apache.catalina.core.StandardEngine startInternal
信息: Starting Servlet Engine: Apache Tomcat/7.0.29
2015-7-31 13:27:55 org.apache.coyote.AbstractProtocol start
信息: Starting ProtocolHandler ["http-bio-8888"]
2015-7-31 13:27:55 org.apache.catalina.startup.Catalina start
信息: Server startup in 173514 ms
2015-7-31 13:50:44 org.apache.jasper.compiler.TldLocationsCache tldScanJar
信息: At least one JAR was scanned for TLDs yet contained no TLDs. Enable debug logging for this logger for a complete list of JARs that were scanned but no TLDs were found in them. Skipping unneeded JARs during scanning can improve startup time and JSP compilation time.
2015-7-31 15:47:28 org.apache.catalina.core.StandardServer await
信息: A valid shutdown command was received via the shutdown port. Stopping the Server instance.
2015-7-31 15:47:28 org.apache.coyote.AbstractProtocol pause
信息: Pausing ProtocolHandler ["http-bio-8888"]
2015-7-31 15:47:29 org.apache.catalina.core.StandardService stopInternal
信息: Stopping service Catalina
2015-7-31 15:48:26 org.apache.coyote.AbstractProtocol stop
信息: Stopping ProtocolHandler ["http-bio-8888"]
2015-7-31 15:48:26 org.apache.coyote.AbstractProtocol destroy
信息: Destroying ProtocolHandler ["http-bio-8888"]
2015-7-31 15:50:53 org.apache.catalina.core.AprLifecycleListener init
信息: The APR based Apache Tomcat Native library which allows optimal performance in production environments was not found on the java.library.path: D:\developsoftware\jdk\jdk6u30\bin;C:\Windows\Sun\Java\bin;C:\Windows\system32;C:\Windows;D:\developsoftware\jdk\jdk6u30\bin;D:\developsoftware\jdk\jdk6u30\jre\bin;C:\Windows\system32;C:\Windows;C:\Windows\System32\Wbem;C:\Windows\System32\WindowsPowerShell\v1.0\;C:\Program Files (x86)\Verint\Playback\;D:\developsoftware\maven\apache-maven-3.0.4\bin;D:\developsoftware\versionControlSystem\tortoiseSVN1.8\bin;D:\developsoftware\sublime\plugins\ctags58;D:\developsoftware\apache-ant-1.8.4\bin;D:\datest\software\mysql5.5\bin;D:\developsoftware\versionControlSystem\TortoiseGit-1.8.14\bin;.
2015-7-31 15:50:54 org.apache.coyote.AbstractProtocol init
信息: Initializing ProtocolHandler ["http-bio-8888"]
2015-7-31 15:50:54 org.apache.catalina.startup.Catalina load
信息: Initialization processed in 967 ms
2015-7-31 15:50:54 org.apache.catalina.core.StandardService startInternal
信息: Starting service Catalina
2015-7-31 15:50:54 org.apache.catalina.core.StandardEngine startInternal
信息: Starting Servlet Engine: Apache Tomcat/7.0.29
2015-7-31 15:53:14 org.apache.coyote.AbstractProtocol start
信息: Starting ProtocolHandler ["http-bio-8888"]
2015-7-31 15:53:14 org.apache.catalina.startup.Catalina start
信息: Server startup in 140542 ms
