2015-8-4 10:47:54 org.apache.catalina.core.AprLifecycleListener init
信息: The APR based Apache Tomcat Native library which allows optimal performance in production environments was not found on the java.library.path: D:\developsoftware\jdk\jdk6u30\bin;C:\Windows\Sun\Java\bin;C:\Windows\system32;C:\Windows;D:\developsoftware\jdk\jdk6u30\bin;D:\developsoftware\jdk\jdk6u30\jre\bin;C:\Windows\system32;C:\Windows;C:\Windows\System32\Wbem;C:\Windows\System32\WindowsPowerShell\v1.0\;C:\Program Files (x86)\Verint\Playback\;D:\developsoftware\maven\apache-maven-3.0.4\bin;D:\developsoftware\versionControlSystem\tortoiseSVN1.8\bin;D:\developsoftware\sublime\plugins\ctags58;D:\developsoftware\apache-ant-1.8.4\bin;D:\datest\software\mysql5.5\bin;D:\developsoftware\versionControlSystem\TortoiseGit-1.8.14\bin;.
2015-8-4 10:47:54 org.apache.coyote.AbstractProtocol init
信息: Initializing ProtocolHandler ["http-bio-8888"]
2015-8-4 10:47:54 org.apache.catalina.startup.Catalina load
信息: Initialization processed in 934 ms
2015-8-4 10:47:54 org.apache.catalina.core.StandardService startInternal
信息: Starting service Catalina
2015-8-4 10:47:54 org.apache.catalina.core.StandardEngine startInternal
信息: Starting Servlet Engine: Apache Tomcat/7.0.29
2015-8-4 10:48:53 org.apache.coyote.AbstractProtocol start
信息: Starting ProtocolHandler ["http-bio-8888"]
2015-8-4 10:48:53 org.apache.catalina.startup.Catalina start
信息: Server startup in 59044 ms
2015-8-4 10:50:15 org.apache.catalina.core.StandardServer await
信息: A valid shutdown command was received via the shutdown port. Stopping the Server instance.
2015-8-4 10:50:15 org.apache.coyote.AbstractProtocol pause
信息: Pausing ProtocolHandler ["http-bio-8888"]
2015-8-4 10:50:15 org.apache.catalina.core.StandardService stopInternal
信息: Stopping service Catalina
2015-8-4 10:50:15 org.apache.coyote.AbstractProtocol stop
信息: Stopping ProtocolHandler ["http-bio-8888"]
2015-8-4 10:50:15 org.apache.coyote.AbstractProtocol destroy
信息: Destroying ProtocolHandler ["http-bio-8888"]
2015-8-4 10:50:45 org.apache.catalina.core.AprLifecycleListener init
信息: The APR based Apache Tomcat Native library which allows optimal performance in production environments was not found on the java.library.path: D:\developsoftware\jdk\jdk6u30\bin;C:\Windows\Sun\Java\bin;C:\Windows\system32;C:\Windows;D:\developsoftware\jdk\jdk6u30\bin;D:\developsoftware\jdk\jdk6u30\jre\bin;C:\Windows\system32;C:\Windows;C:\Windows\System32\Wbem;C:\Windows\System32\WindowsPowerShell\v1.0\;C:\Program Files (x86)\Verint\Playback\;D:\developsoftware\maven\apache-maven-3.0.4\bin;D:\developsoftware\versionControlSystem\tortoiseSVN1.8\bin;D:\developsoftware\sublime\plugins\ctags58;D:\developsoftware\apache-ant-1.8.4\bin;D:\datest\software\mysql5.5\bin;D:\developsoftware\versionControlSystem\TortoiseGit-1.8.14\bin;.
2015-8-4 10:50:45 org.apache.coyote.AbstractProtocol init
信息: Initializing ProtocolHandler ["http-bio-8888"]
2015-8-4 10:50:45 org.apache.catalina.startup.Catalina load
信息: Initialization processed in 298 ms
2015-8-4 10:50:45 org.apache.catalina.core.StandardService startInternal
信息: Starting service Catalina
2015-8-4 10:50:45 org.apache.catalina.core.StandardEngine startInternal
信息: Starting Servlet Engine: Apache Tomcat/7.0.29
2015-8-4 10:52:08 org.apache.coyote.AbstractProtocol start
信息: Starting ProtocolHandler ["http-bio-8888"]
2015-8-4 10:52:08 org.apache.catalina.startup.Catalina start
信息: Server startup in 83037 ms
2015-8-4 11:33:42 org.apache.catalina.core.StandardServer await
信息: A valid shutdown command was received via the shutdown port. Stopping the Server instance.
2015-8-4 11:33:42 org.apache.coyote.AbstractProtocol pause
信息: Pausing ProtocolHandler ["http-bio-8888"]
2015-8-4 11:33:42 org.apache.catalina.core.StandardService stopInternal
信息: Stopping service Catalina
2015-8-4 11:33:49 org.apache.coyote.AbstractProtocol stop
信息: Stopping ProtocolHandler ["http-bio-8888"]
2015-8-4 11:33:49 org.apache.coyote.AbstractProtocol destroy
信息: Destroying ProtocolHandler ["http-bio-8888"]
