2015-7-23 14:25:41 org.apache.catalina.core.ApplicationContext log
信息: org.tuckey.web.filters.urlrewrite.UrlRewriteFilter INFO: loaded (conf ok)
2015-7-23 14:32:50 org.apache.catalina.core.ApplicationContext log
信息: org.tuckey.web.filters.urlrewrite.UrlRewriteFilter INFO: destroy called
2015-7-23 14:40:24 org.apache.catalina.core.ApplicationContext log
信息: org.tuckey.web.filters.urlrewrite.UrlRewriteFilter INFO: loaded (conf ok)
2015-7-23 14:46:01 org.apache.catalina.core.ApplicationContext log
信息: org.tuckey.web.filters.urlrewrite.UrlRewriteFilter INFO: destroy called
2015-7-23 14:50:43 org.apache.catalina.core.ApplicationContext log
信息: org.tuckey.web.filters.urlrewrite.UrlRewriteFilter INFO: loaded (conf ok)
2015-7-23 14:58:48 org.apache.catalina.core.StandardWrapperValve invoke
严重: Servlet.service() for servlet [noopservlet] in context with path [] threw exception
java.lang.NullPointerException
	at com.atlassian.gzipfilter.RoutablePrintWriter.close(RoutablePrintWriter.java:54)
	at org.apache.catalina.core.ApplicationDispatcher.doForward(ApplicationDispatcher.java:428)
	at org.apache.catalina.core.ApplicationDispatcher.forward(ApplicationDispatcher.java:329)
	at com.atlassian.jira.plugin.webresource.CachingResourceDownloadRewriteRule$1.execute(CachingResourceDownloadRewriteRule.java:68)
	at org.tuckey.web.filters.urlrewrite.RewrittenUrlClass.doRewrite(RewrittenUrlClass.java:61)
	at org.tuckey.web.filters.urlrewrite.RuleChain.handleRewrite(RuleChain.java:171)
	at org.tuckey.web.filters.urlrewrite.RuleChain.doRules(RuleChain.java:145)
	at org.tuckey.web.filters.urlrewrite.UrlRewriter.processRequest(UrlRewriter.java:92)
	at org.tuckey.web.filters.urlrewrite.UrlRewriteFilter.doFilter(UrlRewriteFilter.java:394)
	at org.apache.catalina.core.ApplicationFilterChain.internalDoFilter(ApplicationFilterChain.java:243)
	at org.apache.catalina.core.ApplicationFilterChain.doFilter(ApplicationFilterChain.java:210)
	at com.atlassian.gzipfilter.GzipFilter.doFilterInternal(GzipFilter.java:74)
	at com.atlassian.gzipfilter.GzipFilter.doFilter(GzipFilter.java:51)
	at org.apache.catalina.core.ApplicationFilterChain.internalDoFilter(ApplicationFilterChain.java:243)
	at org.apache.catalina.core.ApplicationFilterChain.doFilter(ApplicationFilterChain.java:210)
	at com.atlassian.plugin.servlet.filter.IteratingFilterChain.doFilter(IteratingFilterChain.java:46)
	at com.atlassian.plugin.servlet.filter.DelegatingPluginFilter$1.doFilter(DelegatingPluginFilter.java:66)
	at com.atlassian.plugin.remotable.plugin.module.oauth.OAuth2LOFilter.doFilter(OAuth2LOFilter.java:70)
	at com.atlassian.plugin.servlet.filter.DelegatingPluginFilter.doFilter(DelegatingPluginFilter.java:74)
	at com.atlassian.plugin.servlet.filter.IteratingFilterChain.doFilter(IteratingFilterChain.java:42)
	at com.atlassian.plugin.servlet.filter.DelegatingPluginFilter$1.doFilter(DelegatingPluginFilter.java:66)
	at com.atlassian.plugin.remotable.host.common.service.http.bigpipe.BigPipeRequestIdFilter.doFilter(BigPipeRequestIdFilter.java:33)
	at com.atlassian.plugin.servlet.filter.DelegatingPluginFilter.doFilter(DelegatingPluginFilter.java:74)
	at com.atlassian.plugin.servlet.filter.IteratingFilterChain.doFilter(IteratingFilterChain.java:42)
	at com.atlassian.plugin.servlet.filter.DelegatingPluginFilter$1.doFilter(DelegatingPluginFilter.java:66)
	at com.atlassian.prettyurls.filter.PrettyUrlsCombinedMatchDispatcherFilter.doFilter(PrettyUrlsCombinedMatchDispatcherFilter.java:61)
	at com.atlassian.plugin.servlet.filter.DelegatingPluginFilter.doFilter(DelegatingPluginFilter.java:74)
	at com.atlassian.plugin.servlet.filter.IteratingFilterChain.doFilter(IteratingFilterChain.java:42)
	at com.atlassian.plugin.servlet.filter.DelegatingPluginFilter$1.doFilter(DelegatingPluginFilter.java:66)
	at com.sysbliss.jira.plugins.workflow.servlet.JWDSendRedirectFilter.doFilter(JWDSendRedirectFilter.java:25)
	at com.atlassian.plugin.servlet.filter.DelegatingPluginFilter.doFilter(DelegatingPluginFilter.java:74)
	at com.atlassian.plugin.servlet.filter.IteratingFilterChain.doFilter(IteratingFilterChain.java:42)
	at com.atlassian.plugin.servlet.filter.ServletFilterModuleContainerFilter.doFilter(ServletFilterModuleContainerFilter.java:77)
	at com.atlassian.plugin.servlet.filter.ServletFilterModuleContainerFilter.doFilter(ServletFilterModuleContainerFilter.java:63)
	at org.apache.catalina.core.ApplicationFilterChain.internalDoFilter(ApplicationFilterChain.java:243)
	at org.apache.catalina.core.ApplicationFilterChain.doFilter(ApplicationFilterChain.java:210)
	at com.atlassian.jira.web.filters.steps.ChainedFilterStepRunner.doFilter(ChainedFilterStepRunner.java:84)
	at org.apache.catalina.core.ApplicationFilterChain.internalDoFilter(ApplicationFilterChain.java:243)
	at org.apache.catalina.core.ApplicationFilterChain.doFilter(ApplicationFilterChain.java:210)
	at com.atlassian.core.filters.cache.AbstractCachingFilter.doFilter(AbstractCachingFilter.java:33)
	at com.atlassian.core.filters.AbstractHttpFilter.doFilter(AbstractHttpFilter.java:31)
	at org.apache.catalina.core.ApplicationFilterChain.internalDoFilter(ApplicationFilterChain.java:243)
	at org.apache.catalina.core.ApplicationFilterChain.doFilter(ApplicationFilterChain.java:210)
	at com.atlassian.core.filters.encoding.AbstractEncodingFilter.doFilter(AbstractEncodingFilter.java:41)
	at com.atlassian.core.filters.AbstractHttpFilter.doFilter(AbstractHttpFilter.java:31)
	at com.atlassian.jira.web.filters.PathMatchingEncodingFilter.doFilter(PathMatchingEncodingFilter.java:49)
	at com.atlassian.core.filters.AbstractHttpFilter.doFilter(AbstractHttpFilter.java:31)
	at org.apache.catalina.core.ApplicationFilterChain.internalDoFilter(ApplicationFilterChain.java:243)
	at org.apache.catalina.core.ApplicationFilterChain.doFilter(ApplicationFilterChain.java:210)
	at com.atlassian.jira.startup.JiraStartupChecklistFilter.doFilter(JiraStartupChecklistFilter.java:74)
	at org.apache.catalina.core.ApplicationFilterChain.internalDoFilter(ApplicationFilterChain.java:243)
	at org.apache.catalina.core.ApplicationFilterChain.doFilter(ApplicationFilterChain.java:210)
	at com.atlassian.jira.web.filters.steps.ChainedFilterStepRunner.doFilter(ChainedFilterStepRunner.java:84)
	at com.atlassian.jira.web.filters.JiraFirstFilter.doFilter(JiraFirstFilter.java:57)
	at org.apache.catalina.core.ApplicationFilterChain.internalDoFilter(ApplicationFilterChain.java:243)
	at org.apache.catalina.core.ApplicationFilterChain.doFilter(ApplicationFilterChain.java:210)
	at org.apache.catalina.core.StandardWrapperValve.invoke(StandardWrapperValve.java:225)
	at org.apache.catalina.core.StandardContextValve.invoke(StandardContextValve.java:123)
	at org.apache.catalina.authenticator.AuthenticatorBase.invoke(AuthenticatorBase.java:472)
	at org.apache.catalina.core.StandardHostValve.invoke(StandardHostValve.java:168)
	at org.apache.catalina.valves.ErrorReportValve.invoke(ErrorReportValve.java:98)
	at org.apache.catalina.core.StandardEngineValve.invoke(StandardEngineValve.java:118)
	at org.apache.catalina.valves.AccessLogValve.invoke(AccessLogValve.java:927)
	at org.apache.catalina.connector.CoyoteAdapter.service(CoyoteAdapter.java:407)
	at org.apache.coyote.http11.AbstractHttp11Processor.process(AbstractHttp11Processor.java:1001)
	at org.apache.coyote.AbstractProtocol$AbstractConnectionHandler.process(AbstractProtocol.java:585)
	at org.apache.tomcat.util.net.JIoEndpoint$SocketProcessor.run(JIoEndpoint.java:310)
	at java.util.concurrent.ThreadPoolExecutor$Worker.runTask(ThreadPoolExecutor.java:886)
	at java.util.concurrent.ThreadPoolExecutor$Worker.run(ThreadPoolExecutor.java:908)
	at java.lang.Thread.run(Thread.java:662)
2015-7-23 14:58:49 org.apache.catalina.core.ApplicationDispatcher invoke
严重: Servlet.service() for servlet jsp threw exception
java.io.UnsupportedEncodingException: The character encoding [binary] is not supported
	at org.apache.tomcat.util.buf.B2CConverter.getCharset(B2CConverter.java:88)
	at org.apache.tomcat.util.buf.C2BConverter.init(C2BConverter.java:117)
	at org.apache.tomcat.util.buf.C2BConverter.<init>(C2BConverter.java:54)
	at org.apache.catalina.connector.OutputBuffer.setConverter(OutputBuffer.java:564)
	at org.apache.catalina.connector.OutputBuffer.checkConverter(OutputBuffer.java:525)
	at org.apache.catalina.connector.Response.getWriter(Response.java:657)
	at org.apache.catalina.connector.ResponseFacade.getWriter(ResponseFacade.java:214)
	at javax.servlet.ServletResponseWrapper.getWriter(ServletResponseWrapper.java:105)
	at org.apache.jasper.runtime.JspWriterImpl.initOut(JspWriterImpl.java:125)
	at org.apache.jasper.runtime.JspWriterImpl.flushBuffer(JspWriterImpl.java:118)
	at org.apache.jasper.runtime.JspWriterImpl.write(JspWriterImpl.java:336)
	at org.apache.jasper.runtime.JspWriterImpl.write(JspWriterImpl.java:353)
	at org.apache.jasper.runtime.JspWriterImpl.print(JspWriterImpl.java:488)
	at org.apache.jsp._500page_jsp._jspService(_500page_jsp.java:671)
	at org.apache.jasper.runtime.HttpJspBase.service(HttpJspBase.java:70)
	at javax.servlet.http.HttpServlet.service(HttpServlet.java:722)
	at org.apache.jasper.servlet.JspServletWrapper.service(JspServletWrapper.java:432)
	at org.apache.jasper.servlet.JspServlet.serviceJspFile(JspServlet.java:390)
	at org.apache.jasper.servlet.JspServlet.service(JspServlet.java:334)
	at javax.servlet.http.HttpServlet.service(HttpServlet.java:722)
	at org.apache.catalina.core.ApplicationFilterChain.internalDoFilter(ApplicationFilterChain.java:305)
	at org.apache.catalina.core.ApplicationFilterChain.doFilter(ApplicationFilterChain.java:210)
	at com.atlassian.jira.web.filters.XContentTypeOptionsNoSniffFilter.doFilter(XContentTypeOptionsNoSniffFilter.java:22)
	at com.atlassian.core.filters.AbstractHttpFilter.doFilter(AbstractHttpFilter.java:31)
	at org.apache.catalina.core.ApplicationFilterChain.internalDoFilter(ApplicationFilterChain.java:243)
	at org.apache.catalina.core.ApplicationFilterChain.doFilter(ApplicationFilterChain.java:210)
	at com.atlassian.core.filters.HeaderSanitisingFilter.doFilter(HeaderSanitisingFilter.java:32)
	at org.apache.catalina.core.ApplicationFilterChain.internalDoFilter(ApplicationFilterChain.java:243)
	at org.apache.catalina.core.ApplicationFilterChain.doFilter(ApplicationFilterChain.java:210)
	at com.atlassian.plugin.servlet.filter.IteratingFilterChain.doFilter(IteratingFilterChain.java:46)
	at com.atlassian.plugin.servlet.filter.DelegatingPluginFilter$1.doFilter(DelegatingPluginFilter.java:66)
	at com.atlassian.prettyurls.filter.PrettyUrlsDispatcherFilter.doFilter(PrettyUrlsDispatcherFilter.java:60)
	at com.atlassian.plugin.servlet.filter.DelegatingPluginFilter.doFilter(DelegatingPluginFilter.java:74)
	at com.atlassian.plugin.servlet.filter.IteratingFilterChain.doFilter(IteratingFilterChain.java:42)
	at com.atlassian.plugin.servlet.filter.DelegatingPluginFilter$1.doFilter(DelegatingPluginFilter.java:66)
	at com.atlassian.prettyurls.filter.PrettyUrlsCommonFilter.preventDoubleInvocation(PrettyUrlsCommonFilter.java:38)
	at com.atlassian.prettyurls.filter.PrettyUrlsSiteMeshFilter.doFilter(PrettyUrlsSiteMeshFilter.java:74)
	at com.atlassian.plugin.servlet.filter.DelegatingPluginFilter.doFilter(DelegatingPluginFilter.java:74)
	at com.atlassian.plugin.servlet.filter.IteratingFilterChain.doFilter(IteratingFilterChain.java:42)
	at com.atlassian.plugin.servlet.filter.DelegatingPluginFilter$1.doFilter(DelegatingPluginFilter.java:66)
	at com.atlassian.prettyurls.filter.PrettyUrlsMatcherFilter.doFilter(PrettyUrlsMatcherFilter.java:56)
	at com.atlassian.plugin.servlet.filter.DelegatingPluginFilter.doFilter(DelegatingPluginFilter.java:74)
	at com.atlassian.plugin.servlet.filter.IteratingFilterChain.doFilter(IteratingFilterChain.java:42)
	at com.atlassian.plugin.servlet.filter.ServletFilterModuleContainerFilter.doFilter(ServletFilterModuleContainerFilter.java:77)
	at com.atlassian.plugin.servlet.filter.ServletFilterModuleContainerFilter.doFilter(ServletFilterModuleContainerFilter.java:63)
	at org.apache.catalina.core.ApplicationFilterChain.internalDoFilter(ApplicationFilterChain.java:243)
	at org.apache.catalina.core.ApplicationFilterChain.doFilter(ApplicationFilterChain.java:210)
	at com.atlassian.plugin.servlet.filter.IteratingFilterChain.doFilter(IteratingFilterChain.java:46)
	at com.atlassian.plugin.servlet.filter.DelegatingPluginFilter$1.doFilter(DelegatingPluginFilter.java:66)
	at com.atlassian.prettyurls.filter.PrettyUrlsCombinedMatchDispatcherFilter.doFilter(PrettyUrlsCombinedMatchDispatcherFilter.java:61)
	at com.atlassian.plugin.servlet.filter.DelegatingPluginFilter.doFilter(DelegatingPluginFilter.java:74)
	at com.atlassian.plugin.servlet.filter.IteratingFilterChain.doFilter(IteratingFilterChain.java:42)
	at com.atlassian.plugin.servlet.filter.ServletFilterModuleContainerFilter.doFilter(ServletFilterModuleContainerFilter.java:77)
	at com.atlassian.plugin.servlet.filter.ServletFilterModuleContainerFilter.doFilter(ServletFilterModuleContainerFilter.java:63)
	at org.apache.catalina.core.ApplicationFilterChain.internalDoFilter(ApplicationFilterChain.java:243)
	at org.apache.catalina.core.ApplicationFilterChain.doFilter(ApplicationFilterChain.java:210)
	at com.atlassian.plugin.servlet.filter.IteratingFilterChain.doFilter(IteratingFilterChain.java:46)
	at com.atlassian.plugin.servlet.filter.DelegatingPluginFilter$1.doFilter(DelegatingPluginFilter.java:66)
	at com.atlassian.prettyurls.filter.PrettyUrlsCombinedMatchDispatcherFilter.doFilter(PrettyUrlsCombinedMatchDispatcherFilter.java:61)
	at com.atlassian.plugin.servlet.filter.DelegatingPluginFilter.doFilter(DelegatingPluginFilter.java:74)
	at com.atlassian.plugin.servlet.filter.IteratingFilterChain.doFilter(IteratingFilterChain.java:42)
	at com.atlassian.plugin.servlet.filter.ServletFilterModuleContainerFilter.doFilter(ServletFilterModuleContainerFilter.java:77)
	at com.atlassian.plugin.servlet.filter.ServletFilterModuleContainerFilter.doFilter(ServletFilterModuleContainerFilter.java:63)
	at org.apache.catalina.core.ApplicationFilterChain.internalDoFilter(ApplicationFilterChain.java:243)
	at org.apache.catalina.core.ApplicationFilterChain.doFilter(ApplicationFilterChain.java:210)
	at com.atlassian.plugin.servlet.filter.IteratingFilterChain.doFilter(IteratingFilterChain.java:46)
	at com.atlassian.plugin.servlet.filter.DelegatingPluginFilter$1.doFilter(DelegatingPluginFilter.java:66)
	at com.atlassian.prettyurls.filter.PrettyUrlsCombinedMatchDispatcherFilter.doFilter(PrettyUrlsCombinedMatchDispatcherFilter.java:61)
	at com.atlassian.plugin.servlet.filter.DelegatingPluginFilter.doFilter(DelegatingPluginFilter.java:74)
	at com.atlassian.plugin.servlet.filter.IteratingFilterChain.doFilter(IteratingFilterChain.java:42)
	at com.atlassian.plugin.servlet.filter.ServletFilterModuleContainerFilter.doFilter(ServletFilterModuleContainerFilter.java:77)
	at com.atlassian.plugin.servlet.filter.ServletFilterModuleContainerFilter.doFilter(ServletFilterModuleContainerFilter.java:63)
	at org.apache.catalina.core.ApplicationFilterChain.internalDoFilter(ApplicationFilterChain.java:243)
	at org.apache.catalina.core.ApplicationFilterChain.doFilter(ApplicationFilterChain.java:210)
	at com.atlassian.jira.web.filters.steps.ChainedFilterStepRunner.doFilter(ChainedFilterStepRunner.java:84)
	at com.atlassian.jira.web.filters.JiraFirstFilter.doFilter(JiraFirstFilter.java:57)
	at org.apache.catalina.core.ApplicationFilterChain.internalDoFilter(ApplicationFilterChain.java:243)
	at org.apache.catalina.core.ApplicationFilterChain.doFilter(ApplicationFilterChain.java:210)
	at org.apache.catalina.core.ApplicationDispatcher.invoke(ApplicationDispatcher.java:690)
	at org.apache.catalina.core.ApplicationDispatcher.processRequest(ApplicationDispatcher.java:479)
	at org.apache.catalina.core.ApplicationDispatcher.doForward(ApplicationDispatcher.java:402)
	at org.apache.catalina.core.ApplicationDispatcher.forward(ApplicationDispatcher.java:329)
	at org.apache.catalina.core.StandardHostValve.custom(StandardHostValve.java:457)
	at org.apache.catalina.core.StandardHostValve.status(StandardHostValve.java:328)
	at org.apache.catalina.core.StandardHostValve.throwable(StandardHostValve.java:419)
	at org.apache.catalina.core.StandardHostValve.invoke(StandardHostValve.java:191)
	at org.apache.catalina.valves.ErrorReportValve.invoke(ErrorReportValve.java:98)
	at org.apache.catalina.core.StandardEngineValve.invoke(StandardEngineValve.java:118)
	at org.apache.catalina.valves.AccessLogValve.invoke(AccessLogValve.java:927)
	at org.apache.catalina.connector.CoyoteAdapter.service(CoyoteAdapter.java:407)
	at org.apache.coyote.http11.AbstractHttp11Processor.process(AbstractHttp11Processor.java:1001)
	at org.apache.coyote.AbstractProtocol$AbstractConnectionHandler.process(AbstractProtocol.java:585)
	at org.apache.tomcat.util.net.JIoEndpoint$SocketProcessor.run(JIoEndpoint.java:310)
	at java.util.concurrent.ThreadPoolExecutor$Worker.runTask(ThreadPoolExecutor.java:886)
	at java.util.concurrent.ThreadPoolExecutor$Worker.run(ThreadPoolExecutor.java:908)
	at java.lang.Thread.run(Thread.java:662)
2015-7-23 14:58:49 org.apache.catalina.core.StandardHostValve custom
严重: Exception Processing ErrorPage[errorCode=500, location=/500page.jsp]
org.apache.jasper.JasperException: An exception occurred processing JSP page /500page.jsp at line 237

234:                         {
235:                     %>
236:                         <p><a href="#" class="switch" id="stacktrace-switch" onclick="CookieUtil.toggleVisibility('stacktrace', 'Show stack trace', 'Hide stack trace', true);">Hide stack trace</a></p>
237:                         <blockquote id="stacktrace" style="overflow-x: auto;"><pre><%= ex %></pre></blockquote>
238:                     <%
239:                         }
240:                         else


Stacktrace:
	at org.apache.jasper.servlet.JspServletWrapper.handleJspException(JspServletWrapper.java:568)
	at org.apache.jasper.servlet.JspServletWrapper.service(JspServletWrapper.java:460)
	at org.apache.jasper.servlet.JspServlet.serviceJspFile(JspServlet.java:390)
	at org.apache.jasper.servlet.JspServlet.service(JspServlet.java:334)
	at javax.servlet.http.HttpServlet.service(HttpServlet.java:722)
	at org.apache.catalina.core.ApplicationFilterChain.internalDoFilter(ApplicationFilterChain.java:305)
	at org.apache.catalina.core.ApplicationFilterChain.doFilter(ApplicationFilterChain.java:210)
	at com.atlassian.jira.web.filters.XContentTypeOptionsNoSniffFilter.doFilter(XContentTypeOptionsNoSniffFilter.java:22)
	at com.atlassian.core.filters.AbstractHttpFilter.doFilter(AbstractHttpFilter.java:31)
	at org.apache.catalina.core.ApplicationFilterChain.internalDoFilter(ApplicationFilterChain.java:243)
	at org.apache.catalina.core.ApplicationFilterChain.doFilter(ApplicationFilterChain.java:210)
	at com.atlassian.core.filters.HeaderSanitisingFilter.doFilter(HeaderSanitisingFilter.java:32)
	at org.apache.catalina.core.ApplicationFilterChain.internalDoFilter(ApplicationFilterChain.java:243)
	at org.apache.catalina.core.ApplicationFilterChain.doFilter(ApplicationFilterChain.java:210)
	at com.atlassian.plugin.servlet.filter.IteratingFilterChain.doFilter(IteratingFilterChain.java:46)
	at com.atlassian.plugin.servlet.filter.DelegatingPluginFilter$1.doFilter(DelegatingPluginFilter.java:66)
	at com.atlassian.prettyurls.filter.PrettyUrlsDispatcherFilter.doFilter(PrettyUrlsDispatcherFilter.java:60)
	at com.atlassian.plugin.servlet.filter.DelegatingPluginFilter.doFilter(DelegatingPluginFilter.java:74)
	at com.atlassian.plugin.servlet.filter.IteratingFilterChain.doFilter(IteratingFilterChain.java:42)
	at com.atlassian.plugin.servlet.filter.DelegatingPluginFilter$1.doFilter(DelegatingPluginFilter.java:66)
	at com.atlassian.prettyurls.filter.PrettyUrlsCommonFilter.preventDoubleInvocation(PrettyUrlsCommonFilter.java:38)
	at com.atlassian.prettyurls.filter.PrettyUrlsSiteMeshFilter.doFilter(PrettyUrlsSiteMeshFilter.java:74)
	at com.atlassian.plugin.servlet.filter.DelegatingPluginFilter.doFilter(DelegatingPluginFilter.java:74)
	at com.atlassian.plugin.servlet.filter.IteratingFilterChain.doFilter(IteratingFilterChain.java:42)
	at com.atlassian.plugin.servlet.filter.DelegatingPluginFilter$1.doFilter(DelegatingPluginFilter.java:66)
	at com.atlassian.prettyurls.filter.PrettyUrlsMatcherFilter.doFilter(PrettyUrlsMatcherFilter.java:56)
	at com.atlassian.plugin.servlet.filter.DelegatingPluginFilter.doFilter(DelegatingPluginFilter.java:74)
	at com.atlassian.plugin.servlet.filter.IteratingFilterChain.doFilter(IteratingFilterChain.java:42)
	at com.atlassian.plugin.servlet.filter.ServletFilterModuleContainerFilter.doFilter(ServletFilterModuleContainerFilter.java:77)
	at com.atlassian.plugin.servlet.filter.ServletFilterModuleContainerFilter.doFilter(ServletFilterModuleContainerFilter.java:63)
	at org.apache.catalina.core.ApplicationFilterChain.internalDoFilter(ApplicationFilterChain.java:243)
	at org.apache.catalina.core.ApplicationFilterChain.doFilter(ApplicationFilterChain.java:210)
	at com.atlassian.plugin.servlet.filter.IteratingFilterChain.doFilter(IteratingFilterChain.java:46)
	at com.atlassian.plugin.servlet.filter.DelegatingPluginFilter$1.doFilter(DelegatingPluginFilter.java:66)
	at com.atlassian.prettyurls.filter.PrettyUrlsCombinedMatchDispatcherFilter.doFilter(PrettyUrlsCombinedMatchDispatcherFilter.java:61)
	at com.atlassian.plugin.servlet.filter.DelegatingPluginFilter.doFilter(DelegatingPluginFilter.java:74)
	at com.atlassian.plugin.servlet.filter.IteratingFilterChain.doFilter(IteratingFilterChain.java:42)
	at com.atlassian.plugin.servlet.filter.ServletFilterModuleContainerFilter.doFilter(ServletFilterModuleContainerFilter.java:77)
	at com.atlassian.plugin.servlet.filter.ServletFilterModuleContainerFilter.doFilter(ServletFilterModuleContainerFilter.java:63)
	at org.apache.catalina.core.ApplicationFilterChain.internalDoFilter(ApplicationFilterChain.java:243)
	at org.apache.catalina.core.ApplicationFilterChain.doFilter(ApplicationFilterChain.java:210)
	at com.atlassian.plugin.servlet.filter.IteratingFilterChain.doFilter(IteratingFilterChain.java:46)
	at com.atlassian.plugin.servlet.filter.DelegatingPluginFilter$1.doFilter(DelegatingPluginFilter.java:66)
	at com.atlassian.prettyurls.filter.PrettyUrlsCombinedMatchDispatcherFilter.doFilter(PrettyUrlsCombinedMatchDispatcherFilter.java:61)
	at com.atlassian.plugin.servlet.filter.DelegatingPluginFilter.doFilter(DelegatingPluginFilter.java:74)
	at com.atlassian.plugin.servlet.filter.IteratingFilterChain.doFilter(IteratingFilterChain.java:42)
	at com.atlassian.plugin.servlet.filter.ServletFilterModuleContainerFilter.doFilter(ServletFilterModuleContainerFilter.java:77)
	at com.atlassian.plugin.servlet.filter.ServletFilterModuleContainerFilter.doFilter(ServletFilterModuleContainerFilter.java:63)
	at org.apache.catalina.core.ApplicationFilterChain.internalDoFilter(ApplicationFilterChain.java:243)
	at org.apache.catalina.core.ApplicationFilterChain.doFilter(ApplicationFilterChain.java:210)
	at com.atlassian.plugin.servlet.filter.IteratingFilterChain.doFilter(IteratingFilterChain.java:46)
	at com.atlassian.plugin.servlet.filter.DelegatingPluginFilter$1.doFilter(DelegatingPluginFilter.java:66)
	at com.atlassian.prettyurls.filter.PrettyUrlsCombinedMatchDispatcherFilter.doFilter(PrettyUrlsCombinedMatchDispatcherFilter.java:61)
	at com.atlassian.plugin.servlet.filter.DelegatingPluginFilter.doFilter(DelegatingPluginFilter.java:74)
	at com.atlassian.plugin.servlet.filter.IteratingFilterChain.doFilter(IteratingFilterChain.java:42)
	at com.atlassian.plugin.servlet.filter.ServletFilterModuleContainerFilter.doFilter(ServletFilterModuleContainerFilter.java:77)
	at com.atlassian.plugin.servlet.filter.ServletFilterModuleContainerFilter.doFilter(ServletFilterModuleContainerFilter.java:63)
	at org.apache.catalina.core.ApplicationFilterChain.internalDoFilter(ApplicationFilterChain.java:243)
	at org.apache.catalina.core.ApplicationFilterChain.doFilter(ApplicationFilterChain.java:210)
	at com.atlassian.jira.web.filters.steps.ChainedFilterStepRunner.doFilter(ChainedFilterStepRunner.java:84)
	at com.atlassian.jira.web.filters.JiraFirstFilter.doFilter(JiraFirstFilter.java:57)
	at org.apache.catalina.core.ApplicationFilterChain.internalDoFilter(ApplicationFilterChain.java:243)
	at org.apache.catalina.core.ApplicationFilterChain.doFilter(ApplicationFilterChain.java:210)
	at org.apache.catalina.core.ApplicationDispatcher.invoke(ApplicationDispatcher.java:690)
	at org.apache.catalina.core.ApplicationDispatcher.processRequest(ApplicationDispatcher.java:479)
	at org.apache.catalina.core.ApplicationDispatcher.doForward(ApplicationDispatcher.java:402)
	at org.apache.catalina.core.ApplicationDispatcher.forward(ApplicationDispatcher.java:329)
	at org.apache.catalina.core.StandardHostValve.custom(StandardHostValve.java:457)
	at org.apache.catalina.core.StandardHostValve.status(StandardHostValve.java:328)
	at org.apache.catalina.core.StandardHostValve.throwable(StandardHostValve.java:419)
	at org.apache.catalina.core.StandardHostValve.invoke(StandardHostValve.java:191)
	at org.apache.catalina.valves.ErrorReportValve.invoke(ErrorReportValve.java:98)
	at org.apache.catalina.core.StandardEngineValve.invoke(StandardEngineValve.java:118)
	at org.apache.catalina.valves.AccessLogValve.invoke(AccessLogValve.java:927)
	at org.apache.catalina.connector.CoyoteAdapter.service(CoyoteAdapter.java:407)
	at org.apache.coyote.http11.AbstractHttp11Processor.process(AbstractHttp11Processor.java:1001)
	at org.apache.coyote.AbstractProtocol$AbstractConnectionHandler.process(AbstractProtocol.java:585)
	at org.apache.tomcat.util.net.JIoEndpoint$SocketProcessor.run(JIoEndpoint.java:310)
	at java.util.concurrent.ThreadPoolExecutor$Worker.runTask(ThreadPoolExecutor.java:886)
	at java.util.concurrent.ThreadPoolExecutor$Worker.run(ThreadPoolExecutor.java:908)
	at java.lang.Thread.run(Thread.java:662)
Caused by: java.io.UnsupportedEncodingException: The character encoding [binary] is not supported
	at org.apache.tomcat.util.buf.B2CConverter.getCharset(B2CConverter.java:88)
	at org.apache.tomcat.util.buf.C2BConverter.init(C2BConverter.java:117)
	at org.apache.tomcat.util.buf.C2BConverter.<init>(C2BConverter.java:54)
	at org.apache.catalina.connector.OutputBuffer.setConverter(OutputBuffer.java:564)
	at org.apache.catalina.connector.OutputBuffer.checkConverter(OutputBuffer.java:525)
	at org.apache.catalina.connector.Response.getWriter(Response.java:657)
	at org.apache.catalina.connector.ResponseFacade.getWriter(ResponseFacade.java:214)
	at javax.servlet.ServletResponseWrapper.getWriter(ServletResponseWrapper.java:105)
	at org.apache.jasper.runtime.JspWriterImpl.initOut(JspWriterImpl.java:125)
	at org.apache.jasper.runtime.JspWriterImpl.flushBuffer(JspWriterImpl.java:118)
	at org.apache.jasper.runtime.JspWriterImpl.write(JspWriterImpl.java:336)
	at org.apache.jasper.runtime.JspWriterImpl.write(JspWriterImpl.java:353)
	at org.apache.jasper.runtime.JspWriterImpl.print(JspWriterImpl.java:488)
	at org.apache.jsp._500page_jsp._jspService(_500page_jsp.java:671)
	at org.apache.jasper.runtime.HttpJspBase.service(HttpJspBase.java:70)
	at javax.servlet.http.HttpServlet.service(HttpServlet.java:722)
	at org.apache.jasper.servlet.JspServletWrapper.service(JspServletWrapper.java:432)
	... 79 more
2015-7-23 15:04:27 org.apache.catalina.core.ApplicationContext log
信息: org.tuckey.web.filters.urlrewrite.UrlRewriteFilter INFO: destroy called
2015-7-23 15:08:50 org.apache.catalina.core.ApplicationContext log
信息: org.tuckey.web.filters.urlrewrite.UrlRewriteFilter INFO: loaded (conf ok)
2015-7-23 15:54:37 org.apache.catalina.core.ApplicationContext log
信息: org.tuckey.web.filters.urlrewrite.UrlRewriteFilter INFO: destroy called
2015-7-23 16:59:59 org.apache.catalina.core.ApplicationContext log
信息: org.tuckey.web.filters.urlrewrite.UrlRewriteFilter INFO: loaded (conf ok)
2015-7-23 19:28:45 org.apache.catalina.core.ApplicationContext log
信息: Initializing Spring FrameworkServlet 'Dispatcher Servlet'
