2015-8-4 10:48:53 org.apache.catalina.core.ApplicationContext log
信息: org.tuckey.web.filters.urlrewrite.UrlRewriteFilter INFO: loaded (conf ok)
2015-8-4 10:50:00 org.apache.catalina.core.StandardWrapperValve invoke
严重: Servlet.service() for servlet [jsp] in context with path [] threw exception
com.atlassian.util.concurrent.LazyReference$InitializationException: com.opensymphony.module.propertyset.PropertyImplementationException: Unable to esablish a connection with the database. (Communications link failure

The last packet sent successfully to the server was 0 milliseconds ago. The driver has not received any packets from the server.)
	at com.atlassian.util.concurrent.LazyReference.getInterruptibly(LazyReference.java:149)
	at com.atlassian.util.concurrent.LazyReference.get(LazyReference.java:112)
	at com.atlassian.util.concurrent.ResettableLazyReference.get(ResettableLazyReference.java:87)
	at com.atlassian.jira.config.properties.PropertiesManager.getPropertySet(PropertiesManager.java:27)
	at com.atlassian.jira.config.properties.ApplicationPropertiesStore.getStringFromDb(ApplicationPropertiesStore.java:268)
	at com.atlassian.jira.config.properties.ApplicationPropertiesImpl.getString(ApplicationPropertiesImpl.java:50)
	at com.atlassian.jira.config.properties.ApplicationPropertiesImpl.getEncoding(ApplicationPropertiesImpl.java:113)
	at com.atlassian.jira.config.properties.ApplicationPropertiesImpl.getContentType(ApplicationPropertiesImpl.java:135)
	at com.atlassian.jira.web.filters.JiraEncodingFilter.getContentType(JiraEncodingFilter.java:59)
	at com.atlassian.core.filters.encoding.AbstractEncodingFilter.doFilter(AbstractEncodingFilter.java:39)
	at com.atlassian.core.filters.AbstractHttpFilter.doFilter(AbstractHttpFilter.java:31)
	at com.atlassian.jira.web.filters.PathMatchingEncodingFilter.doFilter(PathMatchingEncodingFilter.java:49)
	at com.atlassian.core.filters.AbstractHttpFilter.doFilter(AbstractHttpFilter.java:31)
	at org.apache.catalina.core.ApplicationFilterChain.internalDoFilter(ApplicationFilterChain.java:243)
	at org.apache.catalina.core.ApplicationFilterChain.doFilter(ApplicationFilterChain.java:210)
	at com.atlassian.jira.startup.JiraStartupChecklistFilter.doFilter(JiraStartupChecklistFilter.java:74)
	at org.apache.catalina.core.ApplicationFilterChain.internalDoFilter(ApplicationFilterChain.java:243)
	at org.apache.catalina.core.ApplicationFilterChain.doFilter(ApplicationFilterChain.java:210)
	at com.atlassian.jira.web.filters.steps.ChainedFilterStepRunner.doFilter(ChainedFilterStepRunner.java:84)
	at com.atlassian.jira.web.filters.JiraFirstFilter.doFilter(JiraFirstFilter.java:57)
	at org.apache.catalina.core.ApplicationFilterChain.internalDoFilter(ApplicationFilterChain.java:243)
	at org.apache.catalina.core.ApplicationFilterChain.doFilter(ApplicationFilterChain.java:210)
	at org.apache.catalina.core.StandardWrapperValve.invoke(StandardWrapperValve.java:225)
	at org.apache.catalina.core.StandardContextValve.invoke(StandardContextValve.java:123)
	at org.apache.catalina.authenticator.AuthenticatorBase.invoke(AuthenticatorBase.java:472)
	at org.apache.catalina.core.StandardHostValve.invoke(StandardHostValve.java:168)
	at org.apache.catalina.valves.ErrorReportValve.invoke(ErrorReportValve.java:98)
	at org.apache.catalina.core.StandardEngineValve.invoke(StandardEngineValve.java:118)
	at org.apache.catalina.valves.AccessLogValve.invoke(AccessLogValve.java:927)
	at org.apache.catalina.connector.CoyoteAdapter.service(CoyoteAdapter.java:407)
	at org.apache.coyote.http11.AbstractHttp11Processor.process(AbstractHttp11Processor.java:1001)
	at org.apache.coyote.AbstractProtocol$AbstractConnectionHandler.process(AbstractProtocol.java:585)
	at org.apache.tomcat.util.net.JIoEndpoint$SocketProcessor.run(JIoEndpoint.java:310)
	at java.util.concurrent.ThreadPoolExecutor$Worker.runTask(ThreadPoolExecutor.java:886)
	at java.util.concurrent.ThreadPoolExecutor$Worker.run(ThreadPoolExecutor.java:908)
	at java.lang.Thread.run(Thread.java:662)
Caused by: com.opensymphony.module.propertyset.PropertyImplementationException: Unable to esablish a connection with the database. (Communications link failure

The last packet sent successfully to the server was 0 milliseconds ago. The driver has not received any packets from the server.)
	at com.opensymphony.module.propertyset.ofbiz.OFBizPropertySet.getKeys(OFBizPropertySet.java:95)
	at com.atlassian.jira.propertyset.PropertySetCache.bulkLoad(PropertySetCache.java:313)
	at com.atlassian.jira.propertyset.JiraCachingPropertySet.init(JiraCachingPropertySet.java:789)
	at com.opensymphony.module.propertyset.PropertySetManager.getInstance(PropertySetManager.java:58)
	at com.opensymphony.module.propertyset.PropertySetManager.getInstance(PropertySetManager.java:31)
	at com.atlassian.jira.config.properties.PropertySetUtils.createDatabaseBackedPropertySet(PropertySetUtils.java:34)
	at com.atlassian.jira.config.properties.DbBackedPropertiesManager$1.create(DbBackedPropertiesManager.java:26)
	at com.atlassian.jira.config.properties.DbBackedPropertiesManager$1.create(DbBackedPropertiesManager.java:22)
	at com.atlassian.util.concurrent.ResettableLazyReference$InternalReference.create(ResettableLazyReference.java:140)
	at com.atlassian.util.concurrent.LazyReference$Sync.run(LazyReference.java:321)
	at com.atlassian.util.concurrent.LazyReference.getInterruptibly(LazyReference.java:143)
	at com.atlassian.util.concurrent.LazyReference.get(LazyReference.java:112)
	at com.atlassian.util.concurrent.ResettableLazyReference.get(ResettableLazyReference.java:87)
	at com.atlassian.jira.config.properties.PropertiesManager.getPropertySet(PropertiesManager.java:27)
	at com.atlassian.jira.config.properties.ApplicationPropertiesStore.getStringFromDb(ApplicationPropertiesStore.java:268)
	at com.atlassian.jira.config.properties.ApplicationPropertiesStore.getString(ApplicationPropertiesStore.java:346)
	at com.atlassian.jira.config.properties.ApplicationPropertiesImpl.getDefaultBackedString(ApplicationPropertiesImpl.java:60)
	at com.atlassian.jira.security.auth.trustedapps.UserNameTransformer$ApplicationPropertiesClassNameRetriever.get(UserNameTransformer.java:68)
	at com.atlassian.jira.security.auth.trustedapps.UserNameTransformer$Factory.get(UserNameTransformer.java:99)
	at com.atlassian.jira.security.auth.trustedapps.TrustedApplicationFilter$OSUserResolver.<init>(TrustedApplicationFilter.java:40)
	at com.atlassian.jira.security.auth.trustedapps.TrustedApplicationFilter.<init>(TrustedApplicationFilter.java:25)
	at sun.reflect.NativeConstructorAccessorImpl.newInstance0(Native Method)
	at sun.reflect.NativeConstructorAccessorImpl.newInstance(NativeConstructorAccessorImpl.java:39)
	at sun.reflect.DelegatingConstructorAccessorImpl.newInstance(DelegatingConstructorAccessorImpl.java:27)
	at java.lang.reflect.Constructor.newInstance(Constructor.java:513)
	at java.lang.Class.newInstance0(Class.java:355)
	at java.lang.Class.newInstance(Class.java:308)
	at org.apache.catalina.core.DefaultInstanceManager.newInstance(DefaultInstanceManager.java:134)
	at org.apache.catalina.core.ApplicationFilterConfig.getFilter(ApplicationFilterConfig.java:256)
	at org.apache.catalina.core.ApplicationFilterConfig.setFilterDef(ApplicationFilterConfig.java:382)
	at org.apache.catalina.core.ApplicationFilterConfig.<init>(ApplicationFilterConfig.java:103)
	at org.apache.catalina.core.StandardContext.filterStart(StandardContext.java:4650)
	at org.apache.catalina.core.StandardContext.startInternal(StandardContext.java:5306)
	at org.apache.catalina.util.LifecycleBase.start(LifecycleBase.java:150)
	at org.apache.catalina.core.ContainerBase$StartChild.call(ContainerBase.java:1559)
	at org.apache.catalina.core.ContainerBase$StartChild.call(ContainerBase.java:1549)
	at java.util.concurrent.FutureTask$Sync.innerRun(FutureTask.java:303)
	at java.util.concurrent.FutureTask.run(FutureTask.java:138)
	... 3 more
2015-8-4 10:50:00 org.apache.catalina.core.ApplicationDispatcher invoke
严重: Servlet.service() for servlet jsp threw exception
com.opensymphony.module.propertyset.PropertyImplementationException: Unable to esablish a connection with the database. (Communications link failure

The last packet sent successfully to the server was 0 milliseconds ago. The driver has not received any packets from the server.)
	at com.opensymphony.module.propertyset.ofbiz.OFBizPropertySet.getKeys(OFBizPropertySet.java:95)
	at com.atlassian.jira.propertyset.PropertySetCache.bulkLoad(PropertySetCache.java:313)
	at com.atlassian.jira.propertyset.JiraCachingPropertySet.init(JiraCachingPropertySet.java:789)
	at com.opensymphony.module.propertyset.PropertySetManager.getInstance(PropertySetManager.java:58)
	at com.opensymphony.module.propertyset.PropertySetManager.getInstance(PropertySetManager.java:31)
	at com.atlassian.jira.config.properties.PropertySetUtils.createDatabaseBackedPropertySet(PropertySetUtils.java:34)
	at com.atlassian.jira.config.properties.DbBackedPropertiesManager$1.create(DbBackedPropertiesManager.java:26)
	at com.atlassian.jira.config.properties.DbBackedPropertiesManager$1.create(DbBackedPropertiesManager.java:22)
	at com.atlassian.util.concurrent.ResettableLazyReference$InternalReference.create(ResettableLazyReference.java:140)
	at com.atlassian.util.concurrent.LazyReference$Sync.run(LazyReference.java:321)
	at com.atlassian.util.concurrent.LazyReference.getInterruptibly(LazyReference.java:143)
	at com.atlassian.util.concurrent.LazyReference.get(LazyReference.java:112)
	at com.atlassian.util.concurrent.ResettableLazyReference.get(ResettableLazyReference.java:87)
	at com.atlassian.jira.config.properties.PropertiesManager.getPropertySet(PropertiesManager.java:27)
	at com.atlassian.jira.config.properties.ApplicationPropertiesStore.getStringFromDb(ApplicationPropertiesStore.java:268)
	at com.atlassian.jira.config.properties.ApplicationPropertiesStore.getString(ApplicationPropertiesStore.java:346)
	at com.atlassian.jira.config.properties.ApplicationPropertiesImpl.getDefaultBackedString(ApplicationPropertiesImpl.java:60)
	at com.atlassian.jira.security.auth.trustedapps.UserNameTransformer$ApplicationPropertiesClassNameRetriever.get(UserNameTransformer.java:68)
	at com.atlassian.jira.security.auth.trustedapps.UserNameTransformer$Factory.get(UserNameTransformer.java:99)
	at com.atlassian.jira.security.auth.trustedapps.TrustedApplicationFilter$OSUserResolver.<init>(TrustedApplicationFilter.java:40)
	at com.atlassian.jira.security.auth.trustedapps.TrustedApplicationFilter.<init>(TrustedApplicationFilter.java:25)
	at sun.reflect.NativeConstructorAccessorImpl.newInstance0(Native Method)
	at sun.reflect.NativeConstructorAccessorImpl.newInstance(NativeConstructorAccessorImpl.java:39)
	at sun.reflect.DelegatingConstructorAccessorImpl.newInstance(DelegatingConstructorAccessorImpl.java:27)
	at java.lang.reflect.Constructor.newInstance(Constructor.java:513)
	at java.lang.Class.newInstance0(Class.java:355)
	at java.lang.Class.newInstance(Class.java:308)
	at org.apache.catalina.core.DefaultInstanceManager.newInstance(DefaultInstanceManager.java:134)
	at org.apache.catalina.core.ApplicationFilterConfig.getFilter(ApplicationFilterConfig.java:256)
	at org.apache.catalina.core.ApplicationFilterConfig.setFilterDef(ApplicationFilterConfig.java:382)
	at org.apache.catalina.core.ApplicationFilterConfig.<init>(ApplicationFilterConfig.java:103)
	at org.apache.catalina.core.StandardContext.filterStart(StandardContext.java:4650)
	at org.apache.catalina.core.StandardContext.startInternal(StandardContext.java:5306)
	at org.apache.catalina.util.LifecycleBase.start(LifecycleBase.java:150)
	at org.apache.catalina.core.ContainerBase$StartChild.call(ContainerBase.java:1559)
	at org.apache.catalina.core.ContainerBase$StartChild.call(ContainerBase.java:1549)
	at java.util.concurrent.FutureTask$Sync.innerRun(FutureTask.java:303)
	at java.util.concurrent.FutureTask.run(FutureTask.java:138)
	at java.util.concurrent.ThreadPoolExecutor$Worker.runTask(ThreadPoolExecutor.java:886)
	at java.util.concurrent.ThreadPoolExecutor$Worker.run(ThreadPoolExecutor.java:908)
	at java.lang.Thread.run(Thread.java:662)
2015-8-4 10:50:00 org.apache.catalina.core.StandardHostValve custom
严重: Exception Processing ErrorPage[errorCode=500, location=/500page.jsp]
org.apache.jasper.JasperException: com.atlassian.util.concurrent.LazyReference$InitializationException: com.atlassian.util.concurrent.LazyReference$InitializationException: com.opensymphony.module.propertyset.PropertyImplementationException: Unable to esablish a connection with the database. (Communications link failure

The last packet sent successfully to the server was 0 milliseconds ago. The driver has not received any packets from the server.)
	at org.apache.jasper.servlet.JspServletWrapper.handleJspException(JspServletWrapper.java:549)
	at org.apache.jasper.servlet.JspServletWrapper.service(JspServletWrapper.java:470)
	at org.apache.jasper.servlet.JspServlet.serviceJspFile(JspServlet.java:390)
	at org.apache.jasper.servlet.JspServlet.service(JspServlet.java:334)
	at javax.servlet.http.HttpServlet.service(HttpServlet.java:722)
	at org.apache.catalina.core.ApplicationFilterChain.internalDoFilter(ApplicationFilterChain.java:305)
	at org.apache.catalina.core.ApplicationFilterChain.doFilter(ApplicationFilterChain.java:210)
	at com.atlassian.jira.web.filters.XContentTypeOptionsNoSniffFilter.doFilter(XContentTypeOptionsNoSniffFilter.java:22)
	at com.atlassian.core.filters.AbstractHttpFilter.doFilter(AbstractHttpFilter.java:31)
	at org.apache.catalina.core.ApplicationFilterChain.internalDoFilter(ApplicationFilterChain.java:243)
	at org.apache.catalina.core.ApplicationFilterChain.doFilter(ApplicationFilterChain.java:210)
	at com.atlassian.core.filters.HeaderSanitisingFilter.doFilter(HeaderSanitisingFilter.java:44)
	at org.apache.catalina.core.ApplicationFilterChain.internalDoFilter(ApplicationFilterChain.java:243)
	at org.apache.catalina.core.ApplicationFilterChain.doFilter(ApplicationFilterChain.java:210)
	at com.atlassian.plugin.servlet.filter.ServletFilterModuleContainerFilter.doFilter(ServletFilterModuleContainerFilter.java:71)
	at com.atlassian.plugin.servlet.filter.ServletFilterModuleContainerFilter.doFilter(ServletFilterModuleContainerFilter.java:63)
	at org.apache.catalina.core.ApplicationFilterChain.internalDoFilter(ApplicationFilterChain.java:243)
	at org.apache.catalina.core.ApplicationFilterChain.doFilter(ApplicationFilterChain.java:210)
	at com.atlassian.plugin.servlet.filter.ServletFilterModuleContainerFilter.doFilter(ServletFilterModuleContainerFilter.java:71)
	at com.atlassian.plugin.servlet.filter.ServletFilterModuleContainerFilter.doFilter(ServletFilterModuleContainerFilter.java:63)
	at org.apache.catalina.core.ApplicationFilterChain.internalDoFilter(ApplicationFilterChain.java:243)
	at org.apache.catalina.core.ApplicationFilterChain.doFilter(ApplicationFilterChain.java:210)
	at com.atlassian.plugin.servlet.filter.ServletFilterModuleContainerFilter.doFilter(ServletFilterModuleContainerFilter.java:71)
	at com.atlassian.plugin.servlet.filter.ServletFilterModuleContainerFilter.doFilter(ServletFilterModuleContainerFilter.java:63)
	at org.apache.catalina.core.ApplicationFilterChain.internalDoFilter(ApplicationFilterChain.java:243)
	at org.apache.catalina.core.ApplicationFilterChain.doFilter(ApplicationFilterChain.java:210)
	at com.atlassian.plugin.servlet.filter.ServletFilterModuleContainerFilter.doFilter(ServletFilterModuleContainerFilter.java:71)
	at com.atlassian.plugin.servlet.filter.ServletFilterModuleContainerFilter.doFilter(ServletFilterModuleContainerFilter.java:63)
	at org.apache.catalina.core.ApplicationFilterChain.internalDoFilter(ApplicationFilterChain.java:243)
	at org.apache.catalina.core.ApplicationFilterChain.doFilter(ApplicationFilterChain.java:210)
	at com.atlassian.jira.web.filters.steps.ChainedFilterStepRunner.doFilter(ChainedFilterStepRunner.java:84)
	at com.atlassian.jira.web.filters.JiraFirstFilter.doFilter(JiraFirstFilter.java:57)
	at org.apache.catalina.core.ApplicationFilterChain.internalDoFilter(ApplicationFilterChain.java:243)
	at org.apache.catalina.core.ApplicationFilterChain.doFilter(ApplicationFilterChain.java:210)
	at org.apache.catalina.core.ApplicationDispatcher.invoke(ApplicationDispatcher.java:690)
	at org.apache.catalina.core.ApplicationDispatcher.processRequest(ApplicationDispatcher.java:479)
	at org.apache.catalina.core.ApplicationDispatcher.doForward(ApplicationDispatcher.java:402)
	at org.apache.catalina.core.ApplicationDispatcher.forward(ApplicationDispatcher.java:329)
	at org.apache.catalina.core.StandardHostValve.custom(StandardHostValve.java:457)
	at org.apache.catalina.core.StandardHostValve.status(StandardHostValve.java:328)
	at org.apache.catalina.core.StandardHostValve.throwable(StandardHostValve.java:419)
	at org.apache.catalina.core.StandardHostValve.invoke(StandardHostValve.java:191)
	at org.apache.catalina.valves.ErrorReportValve.invoke(ErrorReportValve.java:98)
	at org.apache.catalina.core.StandardEngineValve.invoke(StandardEngineValve.java:118)
	at org.apache.catalina.valves.AccessLogValve.invoke(AccessLogValve.java:927)
	at org.apache.catalina.connector.CoyoteAdapter.service(CoyoteAdapter.java:407)
	at org.apache.coyote.http11.AbstractHttp11Processor.process(AbstractHttp11Processor.java:1001)
	at org.apache.coyote.AbstractProtocol$AbstractConnectionHandler.process(AbstractProtocol.java:585)
	at org.apache.tomcat.util.net.JIoEndpoint$SocketProcessor.run(JIoEndpoint.java:310)
	at java.util.concurrent.ThreadPoolExecutor$Worker.runTask(ThreadPoolExecutor.java:886)
	at java.util.concurrent.ThreadPoolExecutor$Worker.run(ThreadPoolExecutor.java:908)
	at java.lang.Thread.run(Thread.java:662)
Caused by: com.atlassian.util.concurrent.LazyReference$InitializationException: com.atlassian.util.concurrent.LazyReference$InitializationException: com.opensymphony.module.propertyset.PropertyImplementationException: Unable to esablish a connection with the database. (Communications link failure

The last packet sent successfully to the server was 0 milliseconds ago. The driver has not received any packets from the server.)
	at com.atlassian.util.concurrent.LazyReference.getInterruptibly(LazyReference.java:149)
	at com.atlassian.util.concurrent.LazyReference.get(LazyReference.java:112)
	at com.atlassian.util.concurrent.ResettableLazyReference.get(ResettableLazyReference.java:87)
	at com.atlassian.jira.web.bean.I18nBean$CachingFactory$2.load(I18nBean.java:211)
	at com.atlassian.jira.web.bean.I18nBean$CachingFactory$2.load(I18nBean.java:207)
	at com.google.common.cache.CustomConcurrentHashMap$ComputingValueReference.compute(CustomConcurrentHashMap.java:3426)
	at com.google.common.cache.CustomConcurrentHashMap$Segment.compute(CustomConcurrentHashMap.java:2322)
	at com.google.common.cache.CustomConcurrentHashMap$Segment.getOrCompute(CustomConcurrentHashMap.java:2291)
	at com.google.common.cache.CustomConcurrentHashMap.getOrCompute(CustomConcurrentHashMap.java:3802)
	at com.google.common.cache.ComputingCache.get(ComputingCache.java:46)
	at com.google.common.cache.AbstractCache.getUnchecked(AbstractCache.java:49)
	at com.atlassian.jira.web.bean.I18nBean$CachingFactory.getInstance(I18nBean.java:310)
	at com.atlassian.jira.web.bean.I18nBean$CachingFactory.getInstance(I18nBean.java:320)
	at com.atlassian.jira.web.bean.I18nBean$AccessorFactory.getInstance(I18nBean.java:164)
	at com.atlassian.jira.security.JiraAuthenticationContextImpl.getI18nHelper(JiraAuthenticationContextImpl.java:117)
	at org.apache.jsp._500page_jsp._jspService(_500page_jsp.java:243)
	at org.apache.jasper.runtime.HttpJspBase.service(HttpJspBase.java:70)
	at javax.servlet.http.HttpServlet.service(HttpServlet.java:722)
	at org.apache.jasper.servlet.JspServletWrapper.service(JspServletWrapper.java:432)
	... 50 more
Caused by: com.atlassian.util.concurrent.LazyReference$InitializationException: com.opensymphony.module.propertyset.PropertyImplementationException: Unable to esablish a connection with the database. (Communications link failure

The last packet sent successfully to the server was 0 milliseconds ago. The driver has not received any packets from the server.)
	at com.atlassian.util.concurrent.LazyReference.getInterruptibly(LazyReference.java:149)
	at com.atlassian.util.concurrent.LazyReference.get(LazyReference.java:112)
	at com.atlassian.util.concurrent.ResettableLazyReference.get(ResettableLazyReference.java:87)
	at com.atlassian.jira.config.properties.PropertiesManager.getPropertySet(PropertiesManager.java:27)
	at com.atlassian.jira.config.properties.ApplicationPropertiesStore.getStringsWithPrefixFromDb(ApplicationPropertiesStore.java:338)
	at com.atlassian.jira.config.properties.ApplicationPropertiesImpl.getStringsWithPrefix(ApplicationPropertiesImpl.java:168)
	at com.atlassian.jira.plugin.JiraPluginPersistentStateStore.reloadKeys(JiraPluginPersistentStateStore.java:41)
	at com.atlassian.jira.plugin.JiraPluginPersistentStateStore.<init>(JiraPluginPersistentStateStore.java:30)
	at sun.reflect.NativeConstructorAccessorImpl.newInstance0(Native Method)
	at sun.reflect.NativeConstructorAccessorImpl.newInstance(NativeConstructorAccessorImpl.java:39)
	at sun.reflect.DelegatingConstructorAccessorImpl.newInstance(DelegatingConstructorAccessorImpl.java:27)
	at java.lang.reflect.Constructor.newInstance(Constructor.java:513)
	at org.picocontainer.defaults.InstantiatingComponentAdapter.newInstance(InstantiatingComponentAdapter.java:100)
	at org.picocontainer.defaults.ConstructorInjectionComponentAdapter.instantiateComponent(ConstructorInjectionComponentAdapter.java:200)
	at org.picocontainer.defaults.InstantiatingComponentAdapter.getComponentInstance(InstantiatingComponentAdapter.java:48)
	at org.picocontainer.defaults.DecoratingComponentAdapter.getComponentInstance(DecoratingComponentAdapter.java:42)
	at org.picocontainer.defaults.SynchronizedComponentAdapter.getComponentInstance(SynchronizedComponentAdapter.java:35)
	at org.picocontainer.defaults.DecoratingComponentAdapter.getComponentInstance(DecoratingComponentAdapter.java:42)
	at com.atlassian.jira.config.component.ProfilingComponentAdapter.getComponentInstance(ProfilingComponentAdapter.java:45)
	at org.picocontainer.defaults.ConstructorInjectionComponentAdapter.getConstructorArguments(ConstructorInjectionComponentAdapter.java:222)
	at org.picocontainer.defaults.ConstructorInjectionComponentAdapter.instantiateComponent(ConstructorInjectionComponentAdapter.java:198)
	at org.picocontainer.defaults.InstantiatingComponentAdapter.getComponentInstance(InstantiatingComponentAdapter.java:48)
	at org.picocontainer.defaults.DecoratingComponentAdapter.getComponentInstance(DecoratingComponentAdapter.java:42)
	at org.picocontainer.defaults.SynchronizedComponentAdapter.getComponentInstance(SynchronizedComponentAdapter.java:35)
	at org.picocontainer.defaults.DecoratingComponentAdapter.getComponentInstance(DecoratingComponentAdapter.java:42)
	at com.atlassian.jira.config.component.ProfilingComponentAdapter.getComponentInstance(ProfilingComponentAdapter.java:45)
	at com.atlassian.jira.DelegateComponentAdapter.getComponentInstance(DelegateComponentAdapter.java:50)
	at org.picocontainer.defaults.DefaultPicoContainer.getComponentInstance(DefaultPicoContainer.java:298)
	at com.atlassian.jira.ComponentManager.getComponent(ComponentManager.java:550)
	at com.atlassian.jira.component.ComponentAccessorWorker.getComponent(ComponentAccessorWorker.java:15)
	at com.atlassian.jira.component.ComponentAccessor.getComponent(ComponentAccessor.java:125)
	at com.atlassian.jira.component.ComponentAccessor.getPluginAccessor(ComponentAccessor.java:428)
	at com.atlassian.jira.web.bean.I18nBean$CachingFactory.loadTranslationTransforms(I18nBean.java:340)
	at com.atlassian.jira.web.bean.I18nBean$CachingFactory.access$000(I18nBean.java:180)
	at com.atlassian.jira.web.bean.I18nBean$CachingFactory$1.create(I18nBean.java:192)
	at com.atlassian.jira.web.bean.I18nBean$CachingFactory$1.create(I18nBean.java:188)
	at com.atlassian.util.concurrent.ResettableLazyReference$InternalReference.create(ResettableLazyReference.java:140)
	at com.atlassian.util.concurrent.LazyReference$Sync.run(LazyReference.java:321)
	at com.atlassian.util.concurrent.LazyReference.getInterruptibly(LazyReference.java:143)
	... 68 more
Caused by: com.opensymphony.module.propertyset.PropertyImplementationException: Unable to esablish a connection with the database. (Communications link failure

The last packet sent successfully to the server was 0 milliseconds ago. The driver has not received any packets from the server.)
	at com.opensymphony.module.propertyset.ofbiz.OFBizPropertySet.getKeys(OFBizPropertySet.java:95)
	at com.atlassian.jira.propertyset.PropertySetCache.bulkLoad(PropertySetCache.java:313)
	at com.atlassian.jira.propertyset.JiraCachingPropertySet.init(JiraCachingPropertySet.java:789)
	at com.opensymphony.module.propertyset.PropertySetManager.getInstance(PropertySetManager.java:58)
	at com.opensymphony.module.propertyset.PropertySetManager.getInstance(PropertySetManager.java:31)
	at com.atlassian.jira.config.properties.PropertySetUtils.createDatabaseBackedPropertySet(PropertySetUtils.java:34)
	at com.atlassian.jira.config.properties.DbBackedPropertiesManager$1.create(DbBackedPropertiesManager.java:26)
	at com.atlassian.jira.config.properties.DbBackedPropertiesManager$1.create(DbBackedPropertiesManager.java:22)
	at com.atlassian.util.concurrent.ResettableLazyReference$InternalReference.create(ResettableLazyReference.java:140)
	at com.atlassian.util.concurrent.LazyReference$Sync.run(LazyReference.java:321)
	at com.atlassian.util.concurrent.LazyReference.getInterruptibly(LazyReference.java:143)
	at com.atlassian.util.concurrent.LazyReference.get(LazyReference.java:112)
	at com.atlassian.util.concurrent.ResettableLazyReference.get(ResettableLazyReference.java:87)
	at com.atlassian.jira.config.properties.PropertiesManager.getPropertySet(PropertiesManager.java:27)
	at com.atlassian.jira.config.properties.ApplicationPropertiesStore.getStringFromDb(ApplicationPropertiesStore.java:268)
	at com.atlassian.jira.config.properties.ApplicationPropertiesStore.getString(ApplicationPropertiesStore.java:346)
	at com.atlassian.jira.config.properties.ApplicationPropertiesImpl.getDefaultBackedString(ApplicationPropertiesImpl.java:60)
	at com.atlassian.jira.security.auth.trustedapps.UserNameTransformer$ApplicationPropertiesClassNameRetriever.get(UserNameTransformer.java:68)
	at com.atlassian.jira.security.auth.trustedapps.UserNameTransformer$Factory.get(UserNameTransformer.java:99)
	at com.atlassian.jira.security.auth.trustedapps.TrustedApplicationFilter$OSUserResolver.<init>(TrustedApplicationFilter.java:40)
	at com.atlassian.jira.security.auth.trustedapps.TrustedApplicationFilter.<init>(TrustedApplicationFilter.java:25)
	at sun.reflect.NativeConstructorAccessorImpl.newInstance0(Native Method)
	at sun.reflect.NativeConstructorAccessorImpl.newInstance(NativeConstructorAccessorImpl.java:39)
	at sun.reflect.DelegatingConstructorAccessorImpl.newInstance(DelegatingConstructorAccessorImpl.java:27)
	at java.lang.reflect.Constructor.newInstance(Constructor.java:513)
	at java.lang.Class.newInstance0(Class.java:355)
	at java.lang.Class.newInstance(Class.java:308)
	at org.apache.catalina.core.DefaultInstanceManager.newInstance(DefaultInstanceManager.java:134)
	at org.apache.catalina.core.ApplicationFilterConfig.getFilter(ApplicationFilterConfig.java:256)
	at org.apache.catalina.core.ApplicationFilterConfig.setFilterDef(ApplicationFilterConfig.java:382)
	at org.apache.catalina.core.ApplicationFilterConfig.<init>(ApplicationFilterConfig.java:103)
	at org.apache.catalina.core.StandardContext.filterStart(StandardContext.java:4650)
	at org.apache.catalina.core.StandardContext.startInternal(StandardContext.java:5306)
	at org.apache.catalina.util.LifecycleBase.start(LifecycleBase.java:150)
	at org.apache.catalina.core.ContainerBase$StartChild.call(ContainerBase.java:1559)
	at org.apache.catalina.core.ContainerBase$StartChild.call(ContainerBase.java:1549)
	at java.util.concurrent.FutureTask$Sync.innerRun(FutureTask.java:303)
	at java.util.concurrent.FutureTask.run(FutureTask.java:138)
	... 3 more
2015-8-4 10:50:00 org.apache.catalina.core.StandardWrapperValve invoke
严重: Servlet.service() for servlet [default] in context with path [] threw exception
com.atlassian.util.concurrent.LazyReference$InitializationException: com.opensymphony.module.propertyset.PropertyImplementationException: Unable to esablish a connection with the database. (Communications link failure

The last packet sent successfully to the server was 0 milliseconds ago. The driver has not received any packets from the server.)
	at com.atlassian.util.concurrent.LazyReference.getInterruptibly(LazyReference.java:149)
	at com.atlassian.util.concurrent.LazyReference.get(LazyReference.java:112)
	at com.atlassian.util.concurrent.ResettableLazyReference.get(ResettableLazyReference.java:87)
	at com.atlassian.jira.config.properties.PropertiesManager.getPropertySet(PropertiesManager.java:27)
	at com.atlassian.jira.config.properties.ApplicationPropertiesStore.getStringFromDb(ApplicationPropertiesStore.java:268)
	at com.atlassian.jira.config.properties.ApplicationPropertiesImpl.getString(ApplicationPropertiesImpl.java:50)
	at com.atlassian.jira.config.properties.ApplicationPropertiesImpl.getEncoding(ApplicationPropertiesImpl.java:113)
	at com.atlassian.jira.config.properties.ApplicationPropertiesImpl.getContentType(ApplicationPropertiesImpl.java:135)
	at com.atlassian.jira.web.filters.JiraEncodingFilter.getContentType(JiraEncodingFilter.java:59)
	at com.atlassian.core.filters.encoding.AbstractEncodingFilter.doFilter(AbstractEncodingFilter.java:39)
	at com.atlassian.core.filters.AbstractHttpFilter.doFilter(AbstractHttpFilter.java:31)
	at com.atlassian.jira.web.filters.PathMatchingEncodingFilter.doFilter(PathMatchingEncodingFilter.java:49)
	at com.atlassian.core.filters.AbstractHttpFilter.doFilter(AbstractHttpFilter.java:31)
	at org.apache.catalina.core.ApplicationFilterChain.internalDoFilter(ApplicationFilterChain.java:243)
	at org.apache.catalina.core.ApplicationFilterChain.doFilter(ApplicationFilterChain.java:210)
	at com.atlassian.jira.startup.JiraStartupChecklistFilter.doFilter(JiraStartupChecklistFilter.java:74)
	at org.apache.catalina.core.ApplicationFilterChain.internalDoFilter(ApplicationFilterChain.java:243)
	at org.apache.catalina.core.ApplicationFilterChain.doFilter(ApplicationFilterChain.java:210)
	at com.atlassian.jira.web.filters.steps.ChainedFilterStepRunner.doFilter(ChainedFilterStepRunner.java:84)
	at com.atlassian.jira.web.filters.JiraFirstFilter.doFilter(JiraFirstFilter.java:57)
	at org.apache.catalina.core.ApplicationFilterChain.internalDoFilter(ApplicationFilterChain.java:243)
	at org.apache.catalina.core.ApplicationFilterChain.doFilter(ApplicationFilterChain.java:210)
	at org.apache.catalina.core.StandardWrapperValve.invoke(StandardWrapperValve.java:225)
	at org.apache.catalina.core.StandardContextValve.invoke(StandardContextValve.java:123)
	at org.apache.catalina.authenticator.AuthenticatorBase.invoke(AuthenticatorBase.java:472)
	at org.apache.catalina.core.StandardHostValve.invoke(StandardHostValve.java:168)
	at org.apache.catalina.valves.ErrorReportValve.invoke(ErrorReportValve.java:98)
	at org.apache.catalina.core.StandardEngineValve.invoke(StandardEngineValve.java:118)
	at org.apache.catalina.valves.AccessLogValve.invoke(AccessLogValve.java:927)
	at org.apache.catalina.connector.CoyoteAdapter.service(CoyoteAdapter.java:407)
	at org.apache.coyote.http11.AbstractHttp11Processor.process(AbstractHttp11Processor.java:1001)
	at org.apache.coyote.AbstractProtocol$AbstractConnectionHandler.process(AbstractProtocol.java:585)
	at org.apache.tomcat.util.net.JIoEndpoint$SocketProcessor.run(JIoEndpoint.java:310)
	at java.util.concurrent.ThreadPoolExecutor$Worker.runTask(ThreadPoolExecutor.java:886)
	at java.util.concurrent.ThreadPoolExecutor$Worker.run(ThreadPoolExecutor.java:908)
	at java.lang.Thread.run(Thread.java:662)
Caused by: com.opensymphony.module.propertyset.PropertyImplementationException: Unable to esablish a connection with the database. (Communications link failure

The last packet sent successfully to the server was 0 milliseconds ago. The driver has not received any packets from the server.)
	at com.opensymphony.module.propertyset.ofbiz.OFBizPropertySet.getKeys(OFBizPropertySet.java:95)
	at com.atlassian.jira.propertyset.PropertySetCache.bulkLoad(PropertySetCache.java:313)
	at com.atlassian.jira.propertyset.JiraCachingPropertySet.init(JiraCachingPropertySet.java:789)
	at com.opensymphony.module.propertyset.PropertySetManager.getInstance(PropertySetManager.java:58)
	at com.opensymphony.module.propertyset.PropertySetManager.getInstance(PropertySetManager.java:31)
	at com.atlassian.jira.config.properties.PropertySetUtils.createDatabaseBackedPropertySet(PropertySetUtils.java:34)
	at com.atlassian.jira.config.properties.DbBackedPropertiesManager$1.create(DbBackedPropertiesManager.java:26)
	at com.atlassian.jira.config.properties.DbBackedPropertiesManager$1.create(DbBackedPropertiesManager.java:22)
	at com.atlassian.util.concurrent.ResettableLazyReference$InternalReference.create(ResettableLazyReference.java:140)
	at com.atlassian.util.concurrent.LazyReference$Sync.run(LazyReference.java:321)
	at com.atlassian.util.concurrent.LazyReference.getInterruptibly(LazyReference.java:143)
	at com.atlassian.util.concurrent.LazyReference.get(LazyReference.java:112)
	at com.atlassian.util.concurrent.ResettableLazyReference.get(ResettableLazyReference.java:87)
	at com.atlassian.jira.config.properties.PropertiesManager.getPropertySet(PropertiesManager.java:27)
	at com.atlassian.jira.config.properties.ApplicationPropertiesStore.getStringFromDb(ApplicationPropertiesStore.java:268)
	at com.atlassian.jira.config.properties.ApplicationPropertiesStore.getString(ApplicationPropertiesStore.java:346)
	at com.atlassian.jira.config.properties.ApplicationPropertiesImpl.getDefaultBackedString(ApplicationPropertiesImpl.java:60)
	at com.atlassian.jira.security.auth.trustedapps.UserNameTransformer$ApplicationPropertiesClassNameRetriever.get(UserNameTransformer.java:68)
	at com.atlassian.jira.security.auth.trustedapps.UserNameTransformer$Factory.get(UserNameTransformer.java:99)
	at com.atlassian.jira.security.auth.trustedapps.TrustedApplicationFilter$OSUserResolver.<init>(TrustedApplicationFilter.java:40)
	at com.atlassian.jira.security.auth.trustedapps.TrustedApplicationFilter.<init>(TrustedApplicationFilter.java:25)
	at sun.reflect.NativeConstructorAccessorImpl.newInstance0(Native Method)
	at sun.reflect.NativeConstructorAccessorImpl.newInstance(NativeConstructorAccessorImpl.java:39)
	at sun.reflect.DelegatingConstructorAccessorImpl.newInstance(DelegatingConstructorAccessorImpl.java:27)
	at java.lang.reflect.Constructor.newInstance(Constructor.java:513)
	at java.lang.Class.newInstance0(Class.java:355)
	at java.lang.Class.newInstance(Class.java:308)
	at org.apache.catalina.core.DefaultInstanceManager.newInstance(DefaultInstanceManager.java:134)
	at org.apache.catalina.core.ApplicationFilterConfig.getFilter(ApplicationFilterConfig.java:256)
	at org.apache.catalina.core.ApplicationFilterConfig.setFilterDef(ApplicationFilterConfig.java:382)
	at org.apache.catalina.core.ApplicationFilterConfig.<init>(ApplicationFilterConfig.java:103)
	at org.apache.catalina.core.StandardContext.filterStart(StandardContext.java:4650)
	at org.apache.catalina.core.StandardContext.startInternal(StandardContext.java:5306)
	at org.apache.catalina.util.LifecycleBase.start(LifecycleBase.java:150)
	at org.apache.catalina.core.ContainerBase$StartChild.call(ContainerBase.java:1559)
	at org.apache.catalina.core.ContainerBase$StartChild.call(ContainerBase.java:1549)
	at java.util.concurrent.FutureTask$Sync.innerRun(FutureTask.java:303)
	at java.util.concurrent.FutureTask.run(FutureTask.java:138)
	... 3 more
2015-8-4 10:50:00 org.apache.catalina.core.ApplicationDispatcher invoke
严重: Servlet.service() for servlet jsp threw exception
com.opensymphony.module.propertyset.PropertyImplementationException: Unable to esablish a connection with the database. (Communications link failure

The last packet sent successfully to the server was 0 milliseconds ago. The driver has not received any packets from the server.)
	at com.opensymphony.module.propertyset.ofbiz.OFBizPropertySet.getKeys(OFBizPropertySet.java:95)
	at com.atlassian.jira.propertyset.PropertySetCache.bulkLoad(PropertySetCache.java:313)
	at com.atlassian.jira.propertyset.JiraCachingPropertySet.init(JiraCachingPropertySet.java:789)
	at com.opensymphony.module.propertyset.PropertySetManager.getInstance(PropertySetManager.java:58)
	at com.opensymphony.module.propertyset.PropertySetManager.getInstance(PropertySetManager.java:31)
	at com.atlassian.jira.config.properties.PropertySetUtils.createDatabaseBackedPropertySet(PropertySetUtils.java:34)
	at com.atlassian.jira.config.properties.DbBackedPropertiesManager$1.create(DbBackedPropertiesManager.java:26)
	at com.atlassian.jira.config.properties.DbBackedPropertiesManager$1.create(DbBackedPropertiesManager.java:22)
	at com.atlassian.util.concurrent.ResettableLazyReference$InternalReference.create(ResettableLazyReference.java:140)
	at com.atlassian.util.concurrent.LazyReference$Sync.run(LazyReference.java:321)
	at com.atlassian.util.concurrent.LazyReference.getInterruptibly(LazyReference.java:143)
	at com.atlassian.util.concurrent.LazyReference.get(LazyReference.java:112)
	at com.atlassian.util.concurrent.ResettableLazyReference.get(ResettableLazyReference.java:87)
	at com.atlassian.jira.config.properties.PropertiesManager.getPropertySet(PropertiesManager.java:27)
	at com.atlassian.jira.config.properties.ApplicationPropertiesStore.getStringFromDb(ApplicationPropertiesStore.java:268)
	at com.atlassian.jira.config.properties.ApplicationPropertiesStore.getString(ApplicationPropertiesStore.java:346)
	at com.atlassian.jira.config.properties.ApplicationPropertiesImpl.getDefaultBackedString(ApplicationPropertiesImpl.java:60)
	at com.atlassian.jira.security.auth.trustedapps.UserNameTransformer$ApplicationPropertiesClassNameRetriever.get(UserNameTransformer.java:68)
	at com.atlassian.jira.security.auth.trustedapps.UserNameTransformer$Factory.get(UserNameTransformer.java:99)
	at com.atlassian.jira.security.auth.trustedapps.TrustedApplicationFilter$OSUserResolver.<init>(TrustedApplicationFilter.java:40)
	at com.atlassian.jira.security.auth.trustedapps.TrustedApplicationFilter.<init>(TrustedApplicationFilter.java:25)
	at sun.reflect.NativeConstructorAccessorImpl.newInstance0(Native Method)
	at sun.reflect.NativeConstructorAccessorImpl.newInstance(NativeConstructorAccessorImpl.java:39)
	at sun.reflect.DelegatingConstructorAccessorImpl.newInstance(DelegatingConstructorAccessorImpl.java:27)
	at java.lang.reflect.Constructor.newInstance(Constructor.java:513)
	at java.lang.Class.newInstance0(Class.java:355)
	at java.lang.Class.newInstance(Class.java:308)
	at org.apache.catalina.core.DefaultInstanceManager.newInstance(DefaultInstanceManager.java:134)
	at org.apache.catalina.core.ApplicationFilterConfig.getFilter(ApplicationFilterConfig.java:256)
	at org.apache.catalina.core.ApplicationFilterConfig.setFilterDef(ApplicationFilterConfig.java:382)
	at org.apache.catalina.core.ApplicationFilterConfig.<init>(ApplicationFilterConfig.java:103)
	at org.apache.catalina.core.StandardContext.filterStart(StandardContext.java:4650)
	at org.apache.catalina.core.StandardContext.startInternal(StandardContext.java:5306)
	at org.apache.catalina.util.LifecycleBase.start(LifecycleBase.java:150)
	at org.apache.catalina.core.ContainerBase$StartChild.call(ContainerBase.java:1559)
	at org.apache.catalina.core.ContainerBase$StartChild.call(ContainerBase.java:1549)
	at java.util.concurrent.FutureTask$Sync.innerRun(FutureTask.java:303)
	at java.util.concurrent.FutureTask.run(FutureTask.java:138)
	at java.util.concurrent.ThreadPoolExecutor$Worker.runTask(ThreadPoolExecutor.java:886)
	at java.util.concurrent.ThreadPoolExecutor$Worker.run(ThreadPoolExecutor.java:908)
	at java.lang.Thread.run(Thread.java:662)
2015-8-4 10:50:00 org.apache.catalina.core.StandardHostValve custom
严重: Exception Processing ErrorPage[errorCode=500, location=/500page.jsp]
org.apache.jasper.JasperException: com.atlassian.util.concurrent.LazyReference$InitializationException: com.atlassian.util.concurrent.LazyReference$InitializationException: com.opensymphony.module.propertyset.PropertyImplementationException: Unable to esablish a connection with the database. (Communications link failure

The last packet sent successfully to the server was 0 milliseconds ago. The driver has not received any packets from the server.)
	at org.apache.jasper.servlet.JspServletWrapper.handleJspException(JspServletWrapper.java:549)
	at org.apache.jasper.servlet.JspServletWrapper.service(JspServletWrapper.java:470)
	at org.apache.jasper.servlet.JspServlet.serviceJspFile(JspServlet.java:390)
	at org.apache.jasper.servlet.JspServlet.service(JspServlet.java:334)
	at javax.servlet.http.HttpServlet.service(HttpServlet.java:722)
	at org.apache.catalina.core.ApplicationFilterChain.internalDoFilter(ApplicationFilterChain.java:305)
	at org.apache.catalina.core.ApplicationFilterChain.doFilter(ApplicationFilterChain.java:210)
	at com.atlassian.jira.web.filters.XContentTypeOptionsNoSniffFilter.doFilter(XContentTypeOptionsNoSniffFilter.java:22)
	at com.atlassian.core.filters.AbstractHttpFilter.doFilter(AbstractHttpFilter.java:31)
	at org.apache.catalina.core.ApplicationFilterChain.internalDoFilter(ApplicationFilterChain.java:243)
	at org.apache.catalina.core.ApplicationFilterChain.doFilter(ApplicationFilterChain.java:210)
	at com.atlassian.core.filters.HeaderSanitisingFilter.doFilter(HeaderSanitisingFilter.java:44)
	at org.apache.catalina.core.ApplicationFilterChain.internalDoFilter(ApplicationFilterChain.java:243)
	at org.apache.catalina.core.ApplicationFilterChain.doFilter(ApplicationFilterChain.java:210)
	at com.atlassian.plugin.servlet.filter.ServletFilterModuleContainerFilter.doFilter(ServletFilterModuleContainerFilter.java:71)
	at com.atlassian.plugin.servlet.filter.ServletFilterModuleContainerFilter.doFilter(ServletFilterModuleContainerFilter.java:63)
	at org.apache.catalina.core.ApplicationFilterChain.internalDoFilter(ApplicationFilterChain.java:243)
	at org.apache.catalina.core.ApplicationFilterChain.doFilter(ApplicationFilterChain.java:210)
	at com.atlassian.plugin.servlet.filter.ServletFilterModuleContainerFilter.doFilter(ServletFilterModuleContainerFilter.java:71)
	at com.atlassian.plugin.servlet.filter.ServletFilterModuleContainerFilter.doFilter(ServletFilterModuleContainerFilter.java:63)
	at org.apache.catalina.core.ApplicationFilterChain.internalDoFilter(ApplicationFilterChain.java:243)
	at org.apache.catalina.core.ApplicationFilterChain.doFilter(ApplicationFilterChain.java:210)
	at com.atlassian.plugin.servlet.filter.ServletFilterModuleContainerFilter.doFilter(ServletFilterModuleContainerFilter.java:71)
	at com.atlassian.plugin.servlet.filter.ServletFilterModuleContainerFilter.doFilter(ServletFilterModuleContainerFilter.java:63)
	at org.apache.catalina.core.ApplicationFilterChain.internalDoFilter(ApplicationFilterChain.java:243)
	at org.apache.catalina.core.ApplicationFilterChain.doFilter(ApplicationFilterChain.java:210)
	at com.atlassian.plugin.servlet.filter.ServletFilterModuleContainerFilter.doFilter(ServletFilterModuleContainerFilter.java:71)
	at com.atlassian.plugin.servlet.filter.ServletFilterModuleContainerFilter.doFilter(ServletFilterModuleContainerFilter.java:63)
	at org.apache.catalina.core.ApplicationFilterChain.internalDoFilter(ApplicationFilterChain.java:243)
	at org.apache.catalina.core.ApplicationFilterChain.doFilter(ApplicationFilterChain.java:210)
	at com.atlassian.jira.web.filters.steps.ChainedFilterStepRunner.doFilter(ChainedFilterStepRunner.java:84)
	at com.atlassian.jira.web.filters.JiraFirstFilter.doFilter(JiraFirstFilter.java:57)
	at org.apache.catalina.core.ApplicationFilterChain.internalDoFilter(ApplicationFilterChain.java:243)
	at org.apache.catalina.core.ApplicationFilterChain.doFilter(ApplicationFilterChain.java:210)
	at org.apache.catalina.core.ApplicationDispatcher.invoke(ApplicationDispatcher.java:690)
	at org.apache.catalina.core.ApplicationDispatcher.processRequest(ApplicationDispatcher.java:479)
	at org.apache.catalina.core.ApplicationDispatcher.doForward(ApplicationDispatcher.java:402)
	at org.apache.catalina.core.ApplicationDispatcher.forward(ApplicationDispatcher.java:329)
	at org.apache.catalina.core.StandardHostValve.custom(StandardHostValve.java:457)
	at org.apache.catalina.core.StandardHostValve.status(StandardHostValve.java:328)
	at org.apache.catalina.core.StandardHostValve.throwable(StandardHostValve.java:419)
	at org.apache.catalina.core.StandardHostValve.invoke(StandardHostValve.java:191)
	at org.apache.catalina.valves.ErrorReportValve.invoke(ErrorReportValve.java:98)
	at org.apache.catalina.core.StandardEngineValve.invoke(StandardEngineValve.java:118)
	at org.apache.catalina.valves.AccessLogValve.invoke(AccessLogValve.java:927)
	at org.apache.catalina.connector.CoyoteAdapter.service(CoyoteAdapter.java:407)
	at org.apache.coyote.http11.AbstractHttp11Processor.process(AbstractHttp11Processor.java:1001)
	at org.apache.coyote.AbstractProtocol$AbstractConnectionHandler.process(AbstractProtocol.java:585)
	at org.apache.tomcat.util.net.JIoEndpoint$SocketProcessor.run(JIoEndpoint.java:310)
	at java.util.concurrent.ThreadPoolExecutor$Worker.runTask(ThreadPoolExecutor.java:886)
	at java.util.concurrent.ThreadPoolExecutor$Worker.run(ThreadPoolExecutor.java:908)
	at java.lang.Thread.run(Thread.java:662)
Caused by: com.atlassian.util.concurrent.LazyReference$InitializationException: com.atlassian.util.concurrent.LazyReference$InitializationException: com.opensymphony.module.propertyset.PropertyImplementationException: Unable to esablish a connection with the database. (Communications link failure

The last packet sent successfully to the server was 0 milliseconds ago. The driver has not received any packets from the server.)
	at com.atlassian.util.concurrent.LazyReference.getInterruptibly(LazyReference.java:149)
	at com.atlassian.util.concurrent.LazyReference.get(LazyReference.java:112)
	at com.atlassian.util.concurrent.ResettableLazyReference.get(ResettableLazyReference.java:87)
	at com.atlassian.jira.web.bean.I18nBean$CachingFactory$2.load(I18nBean.java:211)
	at com.atlassian.jira.web.bean.I18nBean$CachingFactory$2.load(I18nBean.java:207)
	at com.google.common.cache.CustomConcurrentHashMap$ComputingValueReference.compute(CustomConcurrentHashMap.java:3426)
	at com.google.common.cache.CustomConcurrentHashMap$Segment.compute(CustomConcurrentHashMap.java:2322)
	at com.google.common.cache.CustomConcurrentHashMap$Segment.getOrCompute(CustomConcurrentHashMap.java:2291)
	at com.google.common.cache.CustomConcurrentHashMap.getOrCompute(CustomConcurrentHashMap.java:3802)
	at com.google.common.cache.ComputingCache.get(ComputingCache.java:46)
	at com.google.common.cache.AbstractCache.getUnchecked(AbstractCache.java:49)
	at com.atlassian.jira.web.bean.I18nBean$CachingFactory.getInstance(I18nBean.java:310)
	at com.atlassian.jira.web.bean.I18nBean$CachingFactory.getInstance(I18nBean.java:320)
	at com.atlassian.jira.web.bean.I18nBean$AccessorFactory.getInstance(I18nBean.java:164)
	at com.atlassian.jira.security.JiraAuthenticationContextImpl.getI18nHelper(JiraAuthenticationContextImpl.java:117)
	at org.apache.jsp._500page_jsp._jspService(_500page_jsp.java:243)
	at org.apache.jasper.runtime.HttpJspBase.service(HttpJspBase.java:70)
	at javax.servlet.http.HttpServlet.service(HttpServlet.java:722)
	at org.apache.jasper.servlet.JspServletWrapper.service(JspServletWrapper.java:432)
	... 50 more
Caused by: com.atlassian.util.concurrent.LazyReference$InitializationException: com.opensymphony.module.propertyset.PropertyImplementationException: Unable to esablish a connection with the database. (Communications link failure

The last packet sent successfully to the server was 0 milliseconds ago. The driver has not received any packets from the server.)
	at com.atlassian.util.concurrent.LazyReference.getInterruptibly(LazyReference.java:149)
	at com.atlassian.util.concurrent.LazyReference.get(LazyReference.java:112)
	at com.atlassian.util.concurrent.ResettableLazyReference.get(ResettableLazyReference.java:87)
	at com.atlassian.jira.config.properties.PropertiesManager.getPropertySet(PropertiesManager.java:27)
	at com.atlassian.jira.config.properties.ApplicationPropertiesStore.getStringsWithPrefixFromDb(ApplicationPropertiesStore.java:338)
	at com.atlassian.jira.config.properties.ApplicationPropertiesImpl.getStringsWithPrefix(ApplicationPropertiesImpl.java:168)
	at com.atlassian.jira.plugin.JiraPluginPersistentStateStore.reloadKeys(JiraPluginPersistentStateStore.java:41)
	at com.atlassian.jira.plugin.JiraPluginPersistentStateStore.<init>(JiraPluginPersistentStateStore.java:30)
	at sun.reflect.NativeConstructorAccessorImpl.newInstance0(Native Method)
	at sun.reflect.NativeConstructorAccessorImpl.newInstance(NativeConstructorAccessorImpl.java:39)
	at sun.reflect.DelegatingConstructorAccessorImpl.newInstance(DelegatingConstructorAccessorImpl.java:27)
	at java.lang.reflect.Constructor.newInstance(Constructor.java:513)
	at org.picocontainer.defaults.InstantiatingComponentAdapter.newInstance(InstantiatingComponentAdapter.java:100)
	at org.picocontainer.defaults.ConstructorInjectionComponentAdapter.instantiateComponent(ConstructorInjectionComponentAdapter.java:200)
	at org.picocontainer.defaults.InstantiatingComponentAdapter.getComponentInstance(InstantiatingComponentAdapter.java:48)
	at org.picocontainer.defaults.DecoratingComponentAdapter.getComponentInstance(DecoratingComponentAdapter.java:42)
	at org.picocontainer.defaults.SynchronizedComponentAdapter.getComponentInstance(SynchronizedComponentAdapter.java:35)
	at org.picocontainer.defaults.DecoratingComponentAdapter.getComponentInstance(DecoratingComponentAdapter.java:42)
	at com.atlassian.jira.config.component.ProfilingComponentAdapter.getComponentInstance(ProfilingComponentAdapter.java:45)
	at org.picocontainer.defaults.ConstructorInjectionComponentAdapter.getConstructorArguments(ConstructorInjectionComponentAdapter.java:222)
	at org.picocontainer.defaults.ConstructorInjectionComponentAdapter.instantiateComponent(ConstructorInjectionComponentAdapter.java:198)
	at org.picocontainer.defaults.InstantiatingComponentAdapter.getComponentInstance(InstantiatingComponentAdapter.java:48)
	at org.picocontainer.defaults.DecoratingComponentAdapter.getComponentInstance(DecoratingComponentAdapter.java:42)
	at org.picocontainer.defaults.SynchronizedComponentAdapter.getComponentInstance(SynchronizedComponentAdapter.java:35)
	at org.picocontainer.defaults.DecoratingComponentAdapter.getComponentInstance(DecoratingComponentAdapter.java:42)
	at com.atlassian.jira.config.component.ProfilingComponentAdapter.getComponentInstance(ProfilingComponentAdapter.java:45)
	at com.atlassian.jira.DelegateComponentAdapter.getComponentInstance(DelegateComponentAdapter.java:50)
	at org.picocontainer.defaults.DefaultPicoContainer.getComponentInstance(DefaultPicoContainer.java:298)
	at com.atlassian.jira.ComponentManager.getComponent(ComponentManager.java:550)
	at com.atlassian.jira.component.ComponentAccessorWorker.getComponent(ComponentAccessorWorker.java:15)
	at com.atlassian.jira.component.ComponentAccessor.getComponent(ComponentAccessor.java:125)
	at com.atlassian.jira.component.ComponentAccessor.getPluginAccessor(ComponentAccessor.java:428)
	at com.atlassian.jira.web.bean.I18nBean$CachingFactory.loadTranslationTransforms(I18nBean.java:340)
	at com.atlassian.jira.web.bean.I18nBean$CachingFactory.access$000(I18nBean.java:180)
	at com.atlassian.jira.web.bean.I18nBean$CachingFactory$1.create(I18nBean.java:192)
	at com.atlassian.jira.web.bean.I18nBean$CachingFactory$1.create(I18nBean.java:188)
	at com.atlassian.util.concurrent.ResettableLazyReference$InternalReference.create(ResettableLazyReference.java:140)
	at com.atlassian.util.concurrent.LazyReference$Sync.run(LazyReference.java:321)
	at com.atlassian.util.concurrent.LazyReference.getInterruptibly(LazyReference.java:143)
	... 68 more
Caused by: com.opensymphony.module.propertyset.PropertyImplementationException: Unable to esablish a connection with the database. (Communications link failure

The last packet sent successfully to the server was 0 milliseconds ago. The driver has not received any packets from the server.)
	at com.opensymphony.module.propertyset.ofbiz.OFBizPropertySet.getKeys(OFBizPropertySet.java:95)
	at com.atlassian.jira.propertyset.PropertySetCache.bulkLoad(PropertySetCache.java:313)
	at com.atlassian.jira.propertyset.JiraCachingPropertySet.init(JiraCachingPropertySet.java:789)
	at com.opensymphony.module.propertyset.PropertySetManager.getInstance(PropertySetManager.java:58)
	at com.opensymphony.module.propertyset.PropertySetManager.getInstance(PropertySetManager.java:31)
	at com.atlassian.jira.config.properties.PropertySetUtils.createDatabaseBackedPropertySet(PropertySetUtils.java:34)
	at com.atlassian.jira.config.properties.DbBackedPropertiesManager$1.create(DbBackedPropertiesManager.java:26)
	at com.atlassian.jira.config.properties.DbBackedPropertiesManager$1.create(DbBackedPropertiesManager.java:22)
	at com.atlassian.util.concurrent.ResettableLazyReference$InternalReference.create(ResettableLazyReference.java:140)
	at com.atlassian.util.concurrent.LazyReference$Sync.run(LazyReference.java:321)
	at com.atlassian.util.concurrent.LazyReference.getInterruptibly(LazyReference.java:143)
	at com.atlassian.util.concurrent.LazyReference.get(LazyReference.java:112)
	at com.atlassian.util.concurrent.ResettableLazyReference.get(ResettableLazyReference.java:87)
	at com.atlassian.jira.config.properties.PropertiesManager.getPropertySet(PropertiesManager.java:27)
	at com.atlassian.jira.config.properties.ApplicationPropertiesStore.getStringFromDb(ApplicationPropertiesStore.java:268)
	at com.atlassian.jira.config.properties.ApplicationPropertiesStore.getString(ApplicationPropertiesStore.java:346)
	at com.atlassian.jira.config.properties.ApplicationPropertiesImpl.getDefaultBackedString(ApplicationPropertiesImpl.java:60)
	at com.atlassian.jira.security.auth.trustedapps.UserNameTransformer$ApplicationPropertiesClassNameRetriever.get(UserNameTransformer.java:68)
	at com.atlassian.jira.security.auth.trustedapps.UserNameTransformer$Factory.get(UserNameTransformer.java:99)
	at com.atlassian.jira.security.auth.trustedapps.TrustedApplicationFilter$OSUserResolver.<init>(TrustedApplicationFilter.java:40)
	at com.atlassian.jira.security.auth.trustedapps.TrustedApplicationFilter.<init>(TrustedApplicationFilter.java:25)
	at sun.reflect.NativeConstructorAccessorImpl.newInstance0(Native Method)
	at sun.reflect.NativeConstructorAccessorImpl.newInstance(NativeConstructorAccessorImpl.java:39)
	at sun.reflect.DelegatingConstructorAccessorImpl.newInstance(DelegatingConstructorAccessorImpl.java:27)
	at java.lang.reflect.Constructor.newInstance(Constructor.java:513)
	at java.lang.Class.newInstance0(Class.java:355)
	at java.lang.Class.newInstance(Class.java:308)
	at org.apache.catalina.core.DefaultInstanceManager.newInstance(DefaultInstanceManager.java:134)
	at org.apache.catalina.core.ApplicationFilterConfig.getFilter(ApplicationFilterConfig.java:256)
	at org.apache.catalina.core.ApplicationFilterConfig.setFilterDef(ApplicationFilterConfig.java:382)
	at org.apache.catalina.core.ApplicationFilterConfig.<init>(ApplicationFilterConfig.java:103)
	at org.apache.catalina.core.StandardContext.filterStart(StandardContext.java:4650)
	at org.apache.catalina.core.StandardContext.startInternal(StandardContext.java:5306)
	at org.apache.catalina.util.LifecycleBase.start(LifecycleBase.java:150)
	at org.apache.catalina.core.ContainerBase$StartChild.call(ContainerBase.java:1559)
	at org.apache.catalina.core.ContainerBase$StartChild.call(ContainerBase.java:1549)
	at java.util.concurrent.FutureTask$Sync.innerRun(FutureTask.java:303)
	at java.util.concurrent.FutureTask.run(FutureTask.java:138)
	... 3 more
2015-8-4 10:50:15 org.apache.catalina.core.ApplicationContext log
信息: org.tuckey.web.filters.urlrewrite.UrlRewriteFilter INFO: destroy called
2015-8-4 10:50:15 org.apache.catalina.session.StandardSession expire
严重: Session event listener threw exception
java.lang.NullPointerException
	at com.atlassian.jira.web.session.currentusers.JiraUserSessionDestroyListener.sessionDestroyed(JiraUserSessionDestroyListener.java:43)
	at org.apache.catalina.session.StandardSession.expire(StandardSession.java:806)
	at org.apache.catalina.session.StandardSession.expire(StandardSession.java:742)
	at org.apache.catalina.session.StandardManager.stopInternal(StandardManager.java:530)
	at org.apache.catalina.util.LifecycleBase.stop(LifecycleBase.java:232)
	at org.apache.catalina.core.StandardContext.stopInternal(StandardContext.java:5474)
	at org.apache.catalina.util.LifecycleBase.stop(LifecycleBase.java:232)
	at org.apache.catalina.core.ContainerBase$StopChild.call(ContainerBase.java:1575)
	at org.apache.catalina.core.ContainerBase$StopChild.call(ContainerBase.java:1564)
	at java.util.concurrent.FutureTask$Sync.innerRun(FutureTask.java:303)
	at java.util.concurrent.FutureTask.run(FutureTask.java:138)
	at java.util.concurrent.ThreadPoolExecutor$Worker.runTask(ThreadPoolExecutor.java:886)
	at java.util.concurrent.ThreadPoolExecutor$Worker.run(ThreadPoolExecutor.java:908)
	at java.lang.Thread.run(Thread.java:662)
2015-8-4 10:50:15 org.apache.catalina.session.StandardSession expire
严重: Session event listener threw exception
java.lang.NullPointerException
	at com.atlassian.jira.web.session.currentusers.JiraUserSessionDestroyListener.sessionDestroyed(JiraUserSessionDestroyListener.java:43)
	at org.apache.catalina.session.StandardSession.expire(StandardSession.java:806)
	at org.apache.catalina.session.StandardSession.expire(StandardSession.java:742)
	at org.apache.catalina.session.StandardManager.stopInternal(StandardManager.java:530)
	at org.apache.catalina.util.LifecycleBase.stop(LifecycleBase.java:232)
	at org.apache.catalina.core.StandardContext.stopInternal(StandardContext.java:5474)
	at org.apache.catalina.util.LifecycleBase.stop(LifecycleBase.java:232)
	at org.apache.catalina.core.ContainerBase$StopChild.call(ContainerBase.java:1575)
	at org.apache.catalina.core.ContainerBase$StopChild.call(ContainerBase.java:1564)
	at java.util.concurrent.FutureTask$Sync.innerRun(FutureTask.java:303)
	at java.util.concurrent.FutureTask.run(FutureTask.java:138)
	at java.util.concurrent.ThreadPoolExecutor$Worker.runTask(ThreadPoolExecutor.java:886)
	at java.util.concurrent.ThreadPoolExecutor$Worker.run(ThreadPoolExecutor.java:908)
	at java.lang.Thread.run(Thread.java:662)
2015-8-4 10:52:08 org.apache.catalina.core.ApplicationContext log
信息: org.tuckey.web.filters.urlrewrite.UrlRewriteFilter INFO: loaded (conf ok)
2015-8-4 11:33:42 org.apache.catalina.core.ApplicationContext log
信息: org.tuckey.web.filters.urlrewrite.UrlRewriteFilter INFO: destroy called
